#
# A fatal error has been detected by the Java Runtime Environment:
#
#  Internal Error (generateOopMap.cpp:2164), pid=2020, tid=13852
#  fatal error: Illegal class file encountered. Try running with -Xverify:all in method main
#
# JRE version: OpenJDK Runtime Environment (16.0.1+9) (build 16.0.1+9-24)
# Java VM: OpenJDK 64-Bit Server VM (16.0.1+9-24, mixed mode, tiered, compressed oops, compressed class ptrs, g1 gc, windows-amd64)
# No core dump will be written. Minidumps are not enabled by default on client versions of Windows
#
# If you would like to submit a bug report, please visit:
#   https://bugreport.java.com/bugreport/crash.jsp
#

---------------  S U M M A R Y ------------

Command Line: -XX:+ShowCodeDetailsInExceptionMessages -agentlib:jdwp=transport=dt_socket,suspend=y,address=localhost:63147 -javaagent:C:\TestLeaf\Eclipse\Eclipse\configuration\org.eclipse.osgi\222\0\.cp\lib\javaagent-shaded.jar -Dfile.encoding=Cp1252 week1Dharu.day2.FindMissingElementAssignment

Host: AMD Ryzen 3 3250U with Radeon Graphics         , 4 cores, 5G,  Windows 10 , 64 bit Build 22621 (10.0.22621.2428)
Time: Tue Nov  7 18:37:03 2023 India Standard Time elapsed time: 807.397882 seconds (0d 0h 13m 27s)

---------------  T H R E A D  ---------------

Current thread (0x0000022ff7cc4600):  VMThread "VM Thread" [stack: 0x00000058f9b00000,0x00000058f9c00000] [id=13852]

Stack: [0x00000058f9b00000,0x00000058f9c00000]
Native frames: (J=compiled Java code, j=interpreted, Vv=VM code, C=native code)
V  [jvm.dll+0x6687ca]
V  [jvm.dll+0x7ca3c9]
V  [jvm.dll+0x7cbb53]
V  [jvm.dll+0x7cc167]
V  [jvm.dll+0x242c03]
V  [jvm.dll+0x3312e9]
V  [jvm.dll+0x330c6e]
V  [jvm.dll+0x32ef1c]
V  [jvm.dll+0x32fd1e]
V  [jvm.dll+0x32d39f]
V  [jvm.dll+0x32c627]
V  [jvm.dll+0x6572ce]
V  [jvm.dll+0x656fd3]
V  [jvm.dll+0x61c848]
V  [jvm.dll+0x7c1e55]
V  [jvm.dll+0x520b76]
V  [jvm.dll+0x7d05eb]
V  [jvm.dll+0x7d12e4]
V  [jvm.dll+0x7d17e9]
V  [jvm.dll+0x7d1aa4]
V  [jvm.dll+0x7d1b70]
V  [jvm.dll+0x779b4a]
V  [jvm.dll+0x667666]
C  [ucrtbase.dll+0x29363]
C  [KERNEL32.DLL+0x1257d]
C  [ntdll.dll+0x5aa78]

VM_Operation (0x00000058fa6fef60): get/set locals, mode: safepoint, requested by thread 0x0000022ff8b0e530


---------------  P R O C E S S  ---------------

Threads class SMR info:
_java_thread_list=0x0000022ff95d3430, length=15, elements={
0x0000022feea1cd30, 0x0000022ff7cc91a0, 0x0000022ff7cca020, 0x0000022ff7d2f010,
0x0000022ff7d2fc10, 0x0000022ff7d32620, 0x0000022ff7d38540, 0x0000022ff7d3b330,
0x0000022ff7d3be20, 0x0000022ff881a8a0, 0x0000022ff88a79f0, 0x0000022ff8b0e530,
0x0000022ff8b20950, 0x0000022ff8a86ae0, 0x0000022ff92a3f80
}

Java Threads: ( => current thread )
  0x0000022feea1cd30 JavaThread "main" [_thread_blocked, id=18192, stack(0x00000058f9400000,0x00000058f9500000)]
  0x0000022ff7cc91a0 JavaThread "Reference Handler" daemon [_thread_blocked, id=16080, stack(0x00000058f9c00000,0x00000058f9d00000)]
  0x0000022ff7cca020 JavaThread "Finalizer" daemon [_thread_blocked, id=14024, stack(0x00000058f9d00000,0x00000058f9e00000)]
  0x0000022ff7d2f010 JavaThread "Signal Dispatcher" daemon [_thread_blocked, id=13552, stack(0x00000058f9e00000,0x00000058f9f00000)]
  0x0000022ff7d2fc10 JavaThread "Attach Listener" daemon [_thread_blocked, id=17156, stack(0x00000058f9f00000,0x00000058fa000000)]
  0x0000022ff7d32620 JavaThread "Service Thread" daemon [_thread_blocked, id=18024, stack(0x00000058fa000000,0x00000058fa100000)]
  0x0000022ff7d38540 JavaThread "Monitor Deflation Thread" daemon [_thread_blocked, id=18576, stack(0x00000058fa100000,0x00000058fa200000)]
  0x0000022ff7d3b330 JavaThread "C2 CompilerThread0" daemon [_thread_blocked, id=20472, stack(0x00000058fa200000,0x00000058fa300000)]
  0x0000022ff7d3be20 JavaThread "C1 CompilerThread0" daemon [_thread_blocked, id=4732, stack(0x00000058fa300000,0x00000058fa400000)]
  0x0000022ff881a8a0 JavaThread "Sweeper thread" daemon [_thread_blocked, id=4356, stack(0x00000058fa400000,0x00000058fa500000)]
  0x0000022ff88a79f0 JavaThread "Common-Cleaner" daemon [_thread_blocked, id=16272, stack(0x00000058fa500000,0x00000058fa600000)]
  0x0000022ff8b0e530 JavaThread "JDWP Transport Listener: dt_socket" daemon [_thread_blocked, id=20228, stack(0x00000058fa600000,0x00000058fa700000)]
  0x0000022ff8b20950 JavaThread "JDWP Event Helper Thread" daemon [_thread_blocked, id=7312, stack(0x00000058fa700000,0x00000058fa800000)]
  0x0000022ff8a86ae0 JavaThread "JDWP Command Reader" daemon [_thread_in_native, id=5140, stack(0x00000058fa800000,0x00000058fa900000)]
  0x0000022ff92a3f80 JavaThread "Notification Thread" daemon [_thread_blocked, id=16972, stack(0x00000058faa00000,0x00000058fab00000)]

Other Threads:
=>0x0000022ff7cc4600 VMThread "VM Thread" [stack: 0x00000058f9b00000,0x00000058f9c00000] [id=13852]
  0x0000022ff9336420 WatcherThread [stack: 0x00000058fab00000,0x00000058fac00000] [id=8288]
  0x0000022feea53f30 GCTaskThread "GC Thread#0" [stack: 0x00000058f9600000,0x00000058f9700000] [id=15264]
  0x0000022feea60eb0 ConcurrentGCThread "G1 Main Marker" [stack: 0x00000058f9700000,0x00000058f9800000] [id=10548]
  0x0000022feea62140 ConcurrentGCThread "G1 Conc#0" [stack: 0x00000058f9800000,0x00000058f9900000] [id=12120]
  0x0000022feeac7060 ConcurrentGCThread "G1 Refine#0" [stack: 0x00000058f9900000,0x00000058f9a00000] [id=16872]
  0x0000022feeac7b60 ConcurrentGCThread "G1 Service" [stack: 0x00000058f9a00000,0x00000058f9b00000] [id=6748]

Threads with active compile tasks:

VM state: at safepoint (normal execution)

VM Mutex/Monitor currently owned by a thread:  ([mutex/lock_event])
[0x0000022feea10920] Threads_lock - owner thread: 0x0000022ff7cc4600

Heap address: 0x00000000a0e00000, size: 1522 MB, Compressed Oops mode: 32-bit

CDS disabled.
Compressed class space mapped at: 0x0000000100000000-0x0000000140000000, reserved size: 1073741824
Narrow klass base: 0x0000000000000000, Narrow klass shift: 3, Narrow klass range: 0x140000000

GC Precious Log:
 CPUs: 4 total, 4 available
 Memory: 6086M
 Large Page Support: Disabled
 NUMA Support: Disabled
 Compressed Oops: Enabled (32-bit)
 Heap Region Size: 1M
 Heap Min Capacity: 8M
 Heap Initial Capacity: 96M
 Heap Max Capacity: 1522M
 Pre-touch: Disabled
 Parallel Workers: 4
 Concurrent Workers: 1
 Concurrent Refinement Workers: 4
 Periodic GC: Disabled

Heap:
 garbage-first heap   total 98304K, used 10240K [0x00000000a0e00000, 0x0000000100000000)
  region size 1024K, 12 young (12288K), 0 survivors (0K)
 Metaspace       used 9513K, committed 9664K, reserved 1064960K
  class space    used 799K, committed 896K, reserved 1048576K

Heap Regions: E=young(eden), S=young(survivor), O=old, HS=humongous(starts), HC=humongous(continues), CS=collection set, F=free, OA=open archive, CA=closed archive, TAMS=top-at-mark-start (previous, next)
|   0|0x00000000a0e00000, 0x00000000a0e00000, 0x00000000a0f00000|  0%| F|  |TAMS 0x00000000a0e00000, 0x00000000a0e00000| Untracked 
|   1|0x00000000a0f00000, 0x00000000a0f00000, 0x00000000a1000000|  0%| F|  |TAMS 0x00000000a0f00000, 0x00000000a0f00000| Untracked 
|   2|0x00000000a1000000, 0x00000000a1000000, 0x00000000a1100000|  0%| F|  |TAMS 0x00000000a1000000, 0x00000000a1000000| Untracked 
|   3|0x00000000a1100000, 0x00000000a1100000, 0x00000000a1200000|  0%| F|  |TAMS 0x00000000a1100000, 0x00000000a1100000| Untracked 
|   4|0x00000000a1200000, 0x00000000a1200000, 0x00000000a1300000|  0%| F|  |TAMS 0x00000000a1200000, 0x00000000a1200000| Untracked 
|   5|0x00000000a1300000, 0x00000000a1300000, 0x00000000a1400000|  0%| F|  |TAMS 0x00000000a1300000, 0x00000000a1300000| Untracked 
|   6|0x00000000a1400000, 0x00000000a1400000, 0x00000000a1500000|  0%| F|  |TAMS 0x00000000a1400000, 0x00000000a1400000| Untracked 
|   7|0x00000000a1500000, 0x00000000a1500000, 0x00000000a1600000|  0%| F|  |TAMS 0x00000000a1500000, 0x00000000a1500000| Untracked 
|   8|0x00000000a1600000, 0x00000000a1600000, 0x00000000a1700000|  0%| F|  |TAMS 0x00000000a1600000, 0x00000000a1600000| Untracked 
|   9|0x00000000a1700000, 0x00000000a1700000, 0x00000000a1800000|  0%| F|  |TAMS 0x00000000a1700000, 0x00000000a1700000| Untracked 
|  10|0x00000000a1800000, 0x00000000a1800000, 0x00000000a1900000|  0%| F|  |TAMS 0x00000000a1800000, 0x00000000a1800000| Untracked 
|  11|0x00000000a1900000, 0x00000000a1900000, 0x00000000a1a00000|  0%| F|  |TAMS 0x00000000a1900000, 0x00000000a1900000| Untracked 
|  12|0x00000000a1a00000, 0x00000000a1a00000, 0x00000000a1b00000|  0%| F|  |TAMS 0x00000000a1a00000, 0x00000000a1a00000| Untracked 
|  13|0x00000000a1b00000, 0x00000000a1b00000, 0x00000000a1c00000|  0%| F|  |TAMS 0x00000000a1b00000, 0x00000000a1b00000| Untracked 
|  14|0x00000000a1c00000, 0x00000000a1c00000, 0x00000000a1d00000|  0%| F|  |TAMS 0x00000000a1c00000, 0x00000000a1c00000| Untracked 
|  15|0x00000000a1d00000, 0x00000000a1d00000, 0x00000000a1e00000|  0%| F|  |TAMS 0x00000000a1d00000, 0x00000000a1d00000| Untracked 
|  16|0x00000000a1e00000, 0x00000000a1e00000, 0x00000000a1f00000|  0%| F|  |TAMS 0x00000000a1e00000, 0x00000000a1e00000| Untracked 
|  17|0x00000000a1f00000, 0x00000000a1f00000, 0x00000000a2000000|  0%| F|  |TAMS 0x00000000a1f00000, 0x00000000a1f00000| Untracked 
|  18|0x00000000a2000000, 0x00000000a2000000, 0x00000000a2100000|  0%| F|  |TAMS 0x00000000a2000000, 0x00000000a2000000| Untracked 
|  19|0x00000000a2100000, 0x00000000a2100000, 0x00000000a2200000|  0%| F|  |TAMS 0x00000000a2100000, 0x00000000a2100000| Untracked 
|  20|0x00000000a2200000, 0x00000000a2200000, 0x00000000a2300000|  0%| F|  |TAMS 0x00000000a2200000, 0x00000000a2200000| Untracked 
|  21|0x00000000a2300000, 0x00000000a2300000, 0x00000000a2400000|  0%| F|  |TAMS 0x00000000a2300000, 0x00000000a2300000| Untracked 
|  22|0x00000000a2400000, 0x00000000a2400000, 0x00000000a2500000|  0%| F|  |TAMS 0x00000000a2400000, 0x00000000a2400000| Untracked 
|  23|0x00000000a2500000, 0x00000000a2500000, 0x00000000a2600000|  0%| F|  |TAMS 0x00000000a2500000, 0x00000000a2500000| Untracked 
|  24|0x00000000a2600000, 0x00000000a2600000, 0x00000000a2700000|  0%| F|  |TAMS 0x00000000a2600000, 0x00000000a2600000| Untracked 
|  25|0x00000000a2700000, 0x00000000a2700000, 0x00000000a2800000|  0%| F|  |TAMS 0x00000000a2700000, 0x00000000a2700000| Untracked 
|  26|0x00000000a2800000, 0x00000000a2800000, 0x00000000a2900000|  0%| F|  |TAMS 0x00000000a2800000, 0x00000000a2800000| Untracked 
|  27|0x00000000a2900000, 0x00000000a2900000, 0x00000000a2a00000|  0%| F|  |TAMS 0x00000000a2900000, 0x00000000a2900000| Untracked 
|  28|0x00000000a2a00000, 0x00000000a2a00000, 0x00000000a2b00000|  0%| F|  |TAMS 0x00000000a2a00000, 0x00000000a2a00000| Untracked 
|  29|0x00000000a2b00000, 0x00000000a2b00000, 0x00000000a2c00000|  0%| F|  |TAMS 0x00000000a2b00000, 0x00000000a2b00000| Untracked 
|  30|0x00000000a2c00000, 0x00000000a2c00000, 0x00000000a2d00000|  0%| F|  |TAMS 0x00000000a2c00000, 0x00000000a2c00000| Untracked 
|  31|0x00000000a2d00000, 0x00000000a2d00000, 0x00000000a2e00000|  0%| F|  |TAMS 0x00000000a2d00000, 0x00000000a2d00000| Untracked 
|  32|0x00000000a2e00000, 0x00000000a2e00000, 0x00000000a2f00000|  0%| F|  |TAMS 0x00000000a2e00000, 0x00000000a2e00000| Untracked 
|  33|0x00000000a2f00000, 0x00000000a2f00000, 0x00000000a3000000|  0%| F|  |TAMS 0x00000000a2f00000, 0x00000000a2f00000| Untracked 
|  34|0x00000000a3000000, 0x00000000a3000000, 0x00000000a3100000|  0%| F|  |TAMS 0x00000000a3000000, 0x00000000a3000000| Untracked 
|  35|0x00000000a3100000, 0x00000000a3100000, 0x00000000a3200000|  0%| F|  |TAMS 0x00000000a3100000, 0x00000000a3100000| Untracked 
|  36|0x00000000a3200000, 0x00000000a3200000, 0x00000000a3300000|  0%| F|  |TAMS 0x00000000a3200000, 0x00000000a3200000| Untracked 
|  37|0x00000000a3300000, 0x00000000a3300000, 0x00000000a3400000|  0%| F|  |TAMS 0x00000000a3300000, 0x00000000a3300000| Untracked 
|  38|0x00000000a3400000, 0x00000000a3400000, 0x00000000a3500000|  0%| F|  |TAMS 0x00000000a3400000, 0x00000000a3400000| Untracked 
|  39|0x00000000a3500000, 0x00000000a3500000, 0x00000000a3600000|  0%| F|  |TAMS 0x00000000a3500000, 0x00000000a3500000| Untracked 
|  40|0x00000000a3600000, 0x00000000a3600000, 0x00000000a3700000|  0%| F|  |TAMS 0x00000000a3600000, 0x00000000a3600000| Untracked 
|  41|0x00000000a3700000, 0x00000000a3700000, 0x00000000a3800000|  0%| F|  |TAMS 0x00000000a3700000, 0x00000000a3700000| Untracked 
|  42|0x00000000a3800000, 0x00000000a3800000, 0x00000000a3900000|  0%| F|  |TAMS 0x00000000a3800000, 0x00000000a3800000| Untracked 
|  43|0x00000000a3900000, 0x00000000a3900000, 0x00000000a3a00000|  0%| F|  |TAMS 0x00000000a3900000, 0x00000000a3900000| Untracked 
|  44|0x00000000a3a00000, 0x00000000a3a00000, 0x00000000a3b00000|  0%| F|  |TAMS 0x00000000a3a00000, 0x00000000a3a00000| Untracked 
|  45|0x00000000a3b00000, 0x00000000a3b00000, 0x00000000a3c00000|  0%| F|  |TAMS 0x00000000a3b00000, 0x00000000a3b00000| Untracked 
|  46|0x00000000a3c00000, 0x00000000a3c00000, 0x00000000a3d00000|  0%| F|  |TAMS 0x00000000a3c00000, 0x00000000a3c00000| Untracked 
|  47|0x00000000a3d00000, 0x00000000a3d00000, 0x00000000a3e00000|  0%| F|  |TAMS 0x00000000a3d00000, 0x00000000a3d00000| Untracked 
|  48|0x00000000a3e00000, 0x00000000a3e00000, 0x00000000a3f00000|  0%| F|  |TAMS 0x00000000a3e00000, 0x00000000a3e00000| Untracked 
|  49|0x00000000a3f00000, 0x00000000a3f00000, 0x00000000a4000000|  0%| F|  |TAMS 0x00000000a3f00000, 0x00000000a3f00000| Untracked 
|  50|0x00000000a4000000, 0x00000000a4000000, 0x00000000a4100000|  0%| F|  |TAMS 0x00000000a4000000, 0x00000000a4000000| Untracked 
|  51|0x00000000a4100000, 0x00000000a4100000, 0x00000000a4200000|  0%| F|  |TAMS 0x00000000a4100000, 0x00000000a4100000| Untracked 
|  52|0x00000000a4200000, 0x00000000a4200000, 0x00000000a4300000|  0%| F|  |TAMS 0x00000000a4200000, 0x00000000a4200000| Untracked 
|  53|0x00000000a4300000, 0x00000000a4300000, 0x00000000a4400000|  0%| F|  |TAMS 0x00000000a4300000, 0x00000000a4300000| Untracked 
|  54|0x00000000a4400000, 0x00000000a4400000, 0x00000000a4500000|  0%| F|  |TAMS 0x00000000a4400000, 0x00000000a4400000| Untracked 
|  55|0x00000000a4500000, 0x00000000a4500000, 0x00000000a4600000|  0%| F|  |TAMS 0x00000000a4500000, 0x00000000a4500000| Untracked 
|  56|0x00000000a4600000, 0x00000000a4600000, 0x00000000a4700000|  0%| F|  |TAMS 0x00000000a4600000, 0x00000000a4600000| Untracked 
|  57|0x00000000a4700000, 0x00000000a4700000, 0x00000000a4800000|  0%| F|  |TAMS 0x00000000a4700000, 0x00000000a4700000| Untracked 
|  58|0x00000000a4800000, 0x00000000a4800000, 0x00000000a4900000|  0%| F|  |TAMS 0x00000000a4800000, 0x00000000a4800000| Untracked 
|  59|0x00000000a4900000, 0x00000000a4900000, 0x00000000a4a00000|  0%| F|  |TAMS 0x00000000a4900000, 0x00000000a4900000| Untracked 
|  60|0x00000000a4a00000, 0x00000000a4a00000, 0x00000000a4b00000|  0%| F|  |TAMS 0x00000000a4a00000, 0x00000000a4a00000| Untracked 
|  61|0x00000000a4b00000, 0x00000000a4b00000, 0x00000000a4c00000|  0%| F|  |TAMS 0x00000000a4b00000, 0x00000000a4b00000| Untracked 
|  62|0x00000000a4c00000, 0x00000000a4c00000, 0x00000000a4d00000|  0%| F|  |TAMS 0x00000000a4c00000, 0x00000000a4c00000| Untracked 
|  63|0x00000000a4d00000, 0x00000000a4d00000, 0x00000000a4e00000|  0%| F|  |TAMS 0x00000000a4d00000, 0x00000000a4d00000| Untracked 
|  64|0x00000000a4e00000, 0x00000000a4e00000, 0x00000000a4f00000|  0%| F|  |TAMS 0x00000000a4e00000, 0x00000000a4e00000| Untracked 
|  65|0x00000000a4f00000, 0x00000000a4f00000, 0x00000000a5000000|  0%| F|  |TAMS 0x00000000a4f00000, 0x00000000a4f00000| Untracked 
|  66|0x00000000a5000000, 0x00000000a5000000, 0x00000000a5100000|  0%| F|  |TAMS 0x00000000a5000000, 0x00000000a5000000| Untracked 
|  67|0x00000000a5100000, 0x00000000a5100000, 0x00000000a5200000|  0%| F|  |TAMS 0x00000000a5100000, 0x00000000a5100000| Untracked 
|  68|0x00000000a5200000, 0x00000000a5200000, 0x00000000a5300000|  0%| F|  |TAMS 0x00000000a5200000, 0x00000000a5200000| Untracked 
|  69|0x00000000a5300000, 0x00000000a5300000, 0x00000000a5400000|  0%| F|  |TAMS 0x00000000a5300000, 0x00000000a5300000| Untracked 
|  70|0x00000000a5400000, 0x00000000a5400000, 0x00000000a5500000|  0%| F|  |TAMS 0x00000000a5400000, 0x00000000a5400000| Untracked 
|  71|0x00000000a5500000, 0x00000000a5500000, 0x00000000a5600000|  0%| F|  |TAMS 0x00000000a5500000, 0x00000000a5500000| Untracked 
|  72|0x00000000a5600000, 0x00000000a5600000, 0x00000000a5700000|  0%| F|  |TAMS 0x00000000a5600000, 0x00000000a5600000| Untracked 
|  73|0x00000000a5700000, 0x00000000a5700000, 0x00000000a5800000|  0%| F|  |TAMS 0x00000000a5700000, 0x00000000a5700000| Untracked 
|  74|0x00000000a5800000, 0x00000000a5800000, 0x00000000a5900000|  0%| F|  |TAMS 0x00000000a5800000, 0x00000000a5800000| Untracked 
|  75|0x00000000a5900000, 0x00000000a5900000, 0x00000000a5a00000|  0%| F|  |TAMS 0x00000000a5900000, 0x00000000a5900000| Untracked 
|  76|0x00000000a5a00000, 0x00000000a5a00000, 0x00000000a5b00000|  0%| F|  |TAMS 0x00000000a5a00000, 0x00000000a5a00000| Untracked 
|  77|0x00000000a5b00000, 0x00000000a5b00000, 0x00000000a5c00000|  0%| F|  |TAMS 0x00000000a5b00000, 0x00000000a5b00000| Untracked 
|  78|0x00000000a5c00000, 0x00000000a5c00000, 0x00000000a5d00000|  0%| F|  |TAMS 0x00000000a5c00000, 0x00000000a5c00000| Untracked 
|  79|0x00000000a5d00000, 0x00000000a5d00000, 0x00000000a5e00000|  0%| F|  |TAMS 0x00000000a5d00000, 0x00000000a5d00000| Untracked 
|  80|0x00000000a5e00000, 0x00000000a5e00000, 0x00000000a5f00000|  0%| F|  |TAMS 0x00000000a5e00000, 0x00000000a5e00000| Untracked 
|  81|0x00000000a5f00000, 0x00000000a5f00000, 0x00000000a6000000|  0%| F|  |TAMS 0x00000000a5f00000, 0x00000000a5f00000| Untracked 
|  82|0x00000000a6000000, 0x00000000a6000000, 0x00000000a6100000|  0%| F|  |TAMS 0x00000000a6000000, 0x00000000a6000000| Untracked 
|  83|0x00000000a6100000, 0x00000000a6100000, 0x00000000a6200000|  0%| F|  |TAMS 0x00000000a6100000, 0x00000000a6100000| Untracked 
|  84|0x00000000a6200000, 0x00000000a6243c98, 0x00000000a6300000| 26%| E|  |TAMS 0x00000000a6200000, 0x00000000a6200000| Complete 
|  85|0x00000000a6300000, 0x00000000a6400000, 0x00000000a6400000|100%| E|CS|TAMS 0x00000000a6300000, 0x00000000a6300000| Complete 
|  86|0x00000000a6400000, 0x00000000a6500000, 0x00000000a6500000|100%| E|CS|TAMS 0x00000000a6400000, 0x00000000a6400000| Complete 
|  87|0x00000000a6500000, 0x00000000a6600000, 0x00000000a6600000|100%| E|CS|TAMS 0x00000000a6500000, 0x00000000a6500000| Complete 
|  88|0x00000000a6600000, 0x00000000a6700000, 0x00000000a6700000|100%| E|CS|TAMS 0x00000000a6600000, 0x00000000a6600000| Complete 
|  89|0x00000000a6700000, 0x00000000a6800000, 0x00000000a6800000|100%| E|CS|TAMS 0x00000000a6700000, 0x00000000a6700000| Complete 
|  90|0x00000000a6800000, 0x00000000a6900000, 0x00000000a6900000|100%| E|  |TAMS 0x00000000a6800000, 0x00000000a6800000| Complete 
|  91|0x00000000a6900000, 0x00000000a6a00000, 0x00000000a6a00000|100%| E|CS|TAMS 0x00000000a6900000, 0x00000000a6900000| Complete 
|  92|0x00000000a6a00000, 0x00000000a6b00000, 0x00000000a6b00000|100%| E|CS|TAMS 0x00000000a6a00000, 0x00000000a6a00000| Complete 
|  93|0x00000000a6b00000, 0x00000000a6c00000, 0x00000000a6c00000|100%| E|CS|TAMS 0x00000000a6b00000, 0x00000000a6b00000| Complete 
|  94|0x00000000a6c00000, 0x00000000a6d00000, 0x00000000a6d00000|100%| E|CS|TAMS 0x00000000a6c00000, 0x00000000a6c00000| Complete 
|  95|0x00000000a6d00000, 0x00000000a6e00000, 0x00000000a6e00000|100%| E|CS|TAMS 0x00000000a6d00000, 0x00000000a6d00000| Complete 

Card table byte_map: [0x0000022ff2270000,0x0000022ff2570000] _byte_map_base: 0x0000022ff1d69000

Marking Bits (Prev, Next): (CMBitMap*) 0x0000022feea54620, (CMBitMap*) 0x0000022feea54660
 Prev Bits: [0x0000022ff2870000, 0x0000022ff4038000)
 Next Bits: [0x0000022ff4040000, 0x0000022ff5808000)

Polling page: 0x0000022fee1e0000

Metaspace:

Usage:
  Non-class:      8.51 MB used.
      Class:    799.41 KB used.
       Both:      9.29 MB used.

Virtual space:
  Non-class space:       16.00 MB reserved,       8.56 MB ( 54%) committed,  2 nodes.
      Class space:        1.00 GB reserved,     896.00 KB ( <1%) committed,  1 nodes.
              Both:        1.02 GB reserved,       9.44 MB ( <1%) committed. 

Chunk freelists:
   Non-Class:  2.75 MB
       Class:  3.10 MB
        Both:  5.85 MB

MaxMetaspaceSize: 17179869184.00 GB
CompressedClassSpaceSize: 1.00 GB
 - commit_granule_bytes: 65536.
 - commit_granule_words: 8192.
 - virtual_space_node_default_size: 1048576.
 - enlarge_chunks_in_place: 1.
 - new_chunks_are_fully_committed: 0.
 - uncommit_free_chunks: 1.
 - use_allocation_guard: 0.
 - handle_deallocations: 1.


Internal statistics:

num_allocs_failed_limit: 0.
num_arena_births: 10.
num_arena_deaths: 0.
num_vsnodes_births: 3.
num_vsnodes_deaths: 0.
num_space_committed: 151.
num_space_uncommitted: 0.
num_chunks_returned_to_freelist: 0.
num_chunks_taken_from_freelist: 52.
num_chunk_merges: 0.
num_chunk_splits: 20.
num_chunks_enlarged: 13.
num_purges: 0.

CodeHeap 'non-profiled nmethods': size=120000Kb used=205Kb max_used=205Kb free=119794Kb
 bounds [0x0000022f87ad0000, 0x0000022f87d40000, 0x0000022f8f000000]
CodeHeap 'profiled nmethods': size=120000Kb used=948Kb max_used=948Kb free=119051Kb
 bounds [0x0000022f805a0000, 0x0000022f80810000, 0x0000022f87ad0000]
CodeHeap 'non-nmethods': size=5760Kb used=1200Kb max_used=1215Kb free=4559Kb
 bounds [0x0000022f80000000, 0x0000022f80270000, 0x0000022f805a0000]
 total_blobs=999 nmethods=592 adapters=320
 compilation: enabled
              stopped_count=0, restarted_count=0
 full_count=0

Compilation events (20 events):
Event: 0.906 Thread 0x0000022ff7d3be20  585       3       java.lang.StringConcatHelper::mix (27 bytes)
Event: 0.906 Thread 0x0000022ff7d3be20 nmethod 585 0x0000022f8068a690 code [0x0000022f8068a880, 0x0000022f8068aca8]
Event: 0.906 Thread 0x0000022ff7d3be20  586       3       java.lang.StringConcatHelper::checkOverflow (17 bytes)
Event: 0.906 Thread 0x0000022ff7d3be20 nmethod 586 0x0000022f8068ae90 code [0x0000022f8068b040, 0x0000022f8068b248]
Event: 31.809 Thread 0x0000022ff7d3be20  587       3       org.eclipse.jdt.launching.internal.org.objectweb.asm.ClassReader::readUnsignedShort (26 bytes)
Event: 31.809 Thread 0x0000022ff7d3be20 nmethod 587 0x0000022f8068b310 code [0x0000022f8068b4c0, 0x0000022f8068b638]
Event: 358.279 Thread 0x0000022ff7d3be20  588       3       org.eclipse.jdt.launching.internal.org.objectweb.asm.ClassReader::readUtf (44 bytes)
Event: 358.282 Thread 0x0000022ff7d3be20 

Event: 460.575 Thread 0x0000022ff7d3be20  589       3       org.eclipse.jdt.launching.internal.org.objectweb.asm.ClassReader::getItem (7 bytes)
Event: 460.575 Thread 0x0000022ff7d3be20 nmethod 589 0x0000022f8068b710 code [0x0000022f8068b8a0, 0x0000022f8068b9d8]
Event: 460.575 Thread 0x0000022ff7d3be20  590       3       org.eclipse.jdt.launching.internal.org.objectweb.asm.Symbol::<init> (38 bytes)
Event: 460.579 Thread 0x0000022ff7d3be20 

Event: 460.579 Thread 0x0000022ff7d3be20  591       3       org.eclipse.jdt.launching.internal.org.objectweb.asm.SymbolTable::add (39 bytes)
Event: 460.579 Thread 0x0000022ff7d3be20 nmethod 591 0x0000022f8068ba90 code [0x0000022f8068bc40, 0x0000022f8068bf78]
Event: 567.618 Thread 0x0000022ff7d3be20  592       3       org.eclipse.jdt.launching.internal.org.objectweb.asm.SymbolTable::hash (10 bytes)
Event: 567.618 Thread 0x0000022ff7d3be20 nmethod 592 0x0000022f8068c090 code [0x0000022f8068c240, 0x0000022f8068c388]
Event: 567.618 Thread 0x0000022ff7d3be20  594       3       org.eclipse.jdt.launching.internal.org.objectweb.asm.ClassReader::readUtf (44 bytes)
Event: 567.623 Thread 0x0000022ff7d3be20 nmethod 594 0x0000022f8068c490 code [0x0000022f8068c660, 0x0000022f8068ca58]
Event: 567.623 Thread 0x0000022ff7d3be20  593       3       org.eclipse.jdt.launching.internal.org.objectweb.asm.ClassReader::readUTF8 (23 bytes)
Event: 567.624 Thread 0x0000022ff7d3be20 nmethod 593 0x0000022f8068cc10 code [0x0000022f8068cde0, 0x0000022f8068d038]

GC Heap History (0 events):
No events

Deoptimization events (20 events):
Event: 0.866 Thread 0x0000022feea1cd30 DEOPT PACKING pc=0x0000022f80668af0 sp=0x00000058f94f83b0
Event: 0.866 Thread 0x0000022feea1cd30 DEOPT UNPACKING pc=0x0000022f8004dece sp=0x00000058f94f7818 mode 0
Event: 0.880 Thread 0x0000022feea1cd30 DEOPT PACKING pc=0x0000022f80668af0 sp=0x00000058f94f82a0
Event: 0.880 Thread 0x0000022feea1cd30 DEOPT UNPACKING pc=0x0000022f8004dece sp=0x00000058f94f7708 mode 0
Event: 0.883 Thread 0x0000022feea1cd30 DEOPT PACKING pc=0x0000022f80668af0 sp=0x00000058f94f83b0
Event: 0.883 Thread 0x0000022feea1cd30 DEOPT UNPACKING pc=0x0000022f8004dece sp=0x00000058f94f7818 mode 0
Event: 0.885 Thread 0x0000022feea1cd30 DEOPT PACKING pc=0x0000022f80668af0 sp=0x00000058f94f83b0
Event: 0.885 Thread 0x0000022feea1cd30 DEOPT UNPACKING pc=0x0000022f8004dece sp=0x00000058f94f7818 mode 0
Event: 0.886 Thread 0x0000022feea1cd30 DEOPT PACKING pc=0x0000022f80668af0 sp=0x00000058f94f83b0
Event: 0.886 Thread 0x0000022feea1cd30 DEOPT UNPACKING pc=0x0000022f8004dece sp=0x00000058f94f7818 mode 0
Event: 0.886 Thread 0x0000022feea1cd30 DEOPT PACKING pc=0x0000022f80668af0 sp=0x00000058f94f83b0
Event: 0.886 Thread 0x0000022feea1cd30 DEOPT UNPACKING pc=0x0000022f8004dece sp=0x00000058f94f7818 mode 0
Event: 0.886 Thread 0x0000022feea1cd30 DEOPT PACKING pc=0x0000022f80668af0 sp=0x00000058f94f83b0
Event: 0.886 Thread 0x0000022feea1cd30 DEOPT UNPACKING pc=0x0000022f8004dece sp=0x00000058f94f7818 mode 0
Event: 0.890 Thread 0x0000022feea1cd30 DEOPT PACKING pc=0x0000022f80668af0 sp=0x00000058f94fbde0
Event: 0.890 Thread 0x0000022feea1cd30 DEOPT UNPACKING pc=0x0000022f8004dece sp=0x00000058f94fb248 mode 0
Event: 0.890 Thread 0x0000022feea1cd30 DEOPT PACKING pc=0x0000022f80668af0 sp=0x00000058f94fbde0
Event: 0.890 Thread 0x0000022feea1cd30 DEOPT UNPACKING pc=0x0000022f8004dece sp=0x00000058f94fb248 mode 0
Event: 0.891 Thread 0x0000022feea1cd30 DEOPT PACKING pc=0x0000022f80668af0 sp=0x00000058f94fbde0
Event: 0.891 Thread 0x0000022feea1cd30 DEOPT UNPACKING pc=0x0000022f8004dece sp=0x00000058f94fb248 mode 0

Classes unloaded (0 events):
No events

Classes redefined (5 events):
Event: 31.810 Thread 0x0000022ff7cc4600 redefined class name=week1Dharu.day2.FindMissingElementAssignment, count=1
Event: 274.640 Thread 0x0000022ff7cc4600 redefined class name=week1Dharu.day2.FindMissingElementAssignment, count=2
Event: 358.280 Thread 0x0000022ff7cc4600 redefined class name=week1Dharu.day2.FindMissingElementAssignment, count=3
Event: 460.576 Thread 0x0000022ff7cc4600 redefined class name=week1Dharu.day2.FindMissingElementAssignment, count=4
Event: 567.620 Thread 0x0000022ff7cc4600 redefined class name=week1Dharu.day2.FindMissingElementAssignment, count=5

Internal exceptions (1 events):
Event: 0.819 Thread 0x0000022feea1cd30 Exception <a 'java/lang/NoSuchMethodError'{0x00000000a630e680}: 'java.lang.Object java.lang.invoke.DirectMethodHandle$Holder.invokeStatic(java.lang.Object)'> (0x00000000a630e680) 
thrown [t:\workspace\open\src\hotspot\share\interpreter\linkResolver.cpp, line 790]

Events (20 events):
Event: 274.643 Executing  VM operation: RedefineClasses done
Event: 274.652 Executing  VM operation: ChangeBreakpoints
Event: 274.653 Executing  VM operation: ChangeBreakpoints done
Event: 358.279 Executing  VM operation: RedefineClasses
Event: 358.282 Executing  VM operation: RedefineClasses done
Event: 358.287 Executing  VM operation: ChangeBreakpoints
Event: 358.287 Executing  VM operation: ChangeBreakpoints done
Event: 358.287 Executing  VM operation: ChangeBreakpoints
Event: 358.287 Executing  VM operation: ChangeBreakpoints done
Event: 460.575 Executing  VM operation: RedefineClasses
Event: 460.578 Executing  VM operation: RedefineClasses done
Event: 460.584 Executing  VM operation: ChangeBreakpoints
Event: 460.585 Executing  VM operation: ChangeBreakpoints done
Event: 567.619 Executing  VM operation: RedefineClasses
Event: 567.623 Executing  VM operation: RedefineClasses done
Event: 567.627 Executing  VM operation: ChangeBreakpoints
Event: 567.627 Executing  VM operation: ChangeBreakpoints done
Event: 567.627 Executing  VM operation: ChangeBreakpoints
Event: 567.628 Executing  VM operation: ChangeBreakpoints done
Event: 807.394 Executing  VM operation: get/set locals


Dynamic libraries:
0x00007ff787950000 - 0x00007ff78795e000 	C:\TestLeaf\Eclipse\Eclipse\plugins\org.eclipse.justj.openjdk.hotspot.jre.full.win32.x86_64_16.0.1.v20210528-1205\jre\bin\javaw.exe
0x00007ffc44fd0000 - 0x00007ffc451e7000 	C:\WINDOWS\SYSTEM32\ntdll.dll
0x00007ffc43c00000 - 0x00007ffc43cc4000 	C:\WINDOWS\System32\KERNEL32.DLL
0x00007ffc42810000 - 0x00007ffc42bb6000 	C:\WINDOWS\System32\KERNELBASE.dll
0x00007ffc42560000 - 0x00007ffc42671000 	C:\WINDOWS\System32\ucrtbase.dll
0x00007ffc2c050000 - 0x00007ffc2c068000 	C:\TestLeaf\Eclipse\Eclipse\plugins\org.eclipse.justj.openjdk.hotspot.jre.full.win32.x86_64_16.0.1.v20210528-1205\jre\bin\jli.dll
0x00007ffc44de0000 - 0x00007ffc44f8d000 	C:\WINDOWS\System32\USER32.dll
0x00007ffc42350000 - 0x00007ffc42376000 	C:\WINDOWS\System32\win32u.dll
0x00007ffc43cd0000 - 0x00007ffc43cf9000 	C:\WINDOWS\System32\GDI32.dll
0x00007ffc426f0000 - 0x00007ffc42808000 	C:\WINDOWS\System32\gdi32full.dll
0x00007ffc424c0000 - 0x00007ffc4255a000 	C:\WINDOWS\System32\msvcp_win.dll
0x00007ffc36c80000 - 0x00007ffc36c99000 	C:\TestLeaf\Eclipse\Eclipse\plugins\org.eclipse.justj.openjdk.hotspot.jre.full.win32.x86_64_16.0.1.v20210528-1205\jre\bin\VCRUNTIME140.dll
0x00007ffc2c220000 - 0x00007ffc2c4b3000 	C:\WINDOWS\WinSxS\amd64_microsoft.windows.common-controls_6595b64144ccf1df_6.0.22621.2361_none_2712ced57382f843\COMCTL32.dll
0x00007ffc44690000 - 0x00007ffc44737000 	C:\WINDOWS\System32\msvcrt.dll
0x00007ffc44af0000 - 0x00007ffc44b21000 	C:\WINDOWS\System32\IMM32.DLL
0x00007ffc3d750000 - 0x00007ffc3d75c000 	C:\TestLeaf\Eclipse\Eclipse\plugins\org.eclipse.justj.openjdk.hotspot.jre.full.win32.x86_64_16.0.1.v20210528-1205\jre\bin\vcruntime140_1.dll
0x00007ffc29db0000 - 0x00007ffc29e41000 	C:\TestLeaf\Eclipse\Eclipse\plugins\org.eclipse.justj.openjdk.hotspot.jre.full.win32.x86_64_16.0.1.v20210528-1205\jre\bin\msvcp140.dll
0x00007ffc05320000 - 0x00007ffc05ecb000 	C:\TestLeaf\Eclipse\Eclipse\plugins\org.eclipse.justj.openjdk.hotspot.jre.full.win32.x86_64_16.0.1.v20210528-1205\jre\bin\server\jvm.dll
0x00007ffc43810000 - 0x00007ffc438c0000 	C:\WINDOWS\System32\ADVAPI32.dll
0x00007ffc438c0000 - 0x00007ffc43966000 	C:\WINDOWS\System32\sechost.dll
0x00007ffc43970000 - 0x00007ffc43a87000 	C:\WINDOWS\System32\RPCRT4.dll
0x00007ffc444e0000 - 0x00007ffc444e8000 	C:\WINDOWS\System32\PSAPI.DLL
0x00007ffbf0f00000 - 0x00007ffbf0f09000 	C:\WINDOWS\SYSTEM32\WSOCK32.dll
0x00007ffc42e80000 - 0x00007ffc42ef1000 	C:\WINDOWS\System32\WS2_32.dll
0x00007ffc3b260000 - 0x00007ffc3b294000 	C:\WINDOWS\SYSTEM32\WINMM.dll
0x00007ffc3a690000 - 0x00007ffc3a69a000 	C:\WINDOWS\SYSTEM32\VERSION.dll
0x00007ffc41390000 - 0x00007ffc413a8000 	C:\WINDOWS\SYSTEM32\kernel.appcore.dll
0x00007ffc3d740000 - 0x00007ffc3d74a000 	C:\TestLeaf\Eclipse\Eclipse\plugins\org.eclipse.justj.openjdk.hotspot.jre.full.win32.x86_64_16.0.1.v20210528-1205\jre\bin\jimage.dll
0x00007ffc2ffb0000 - 0x00007ffc301de000 	C:\WINDOWS\SYSTEM32\DBGHELP.DLL
0x00007ffc44760000 - 0x00007ffc44aea000 	C:\WINDOWS\System32\combase.dll
0x00007ffc43de0000 - 0x00007ffc43eb7000 	C:\WINDOWS\System32\OLEAUT32.dll
0x00007ffc24d50000 - 0x00007ffc24d82000 	C:\WINDOWS\SYSTEM32\dbgcore.DLL
0x00007ffc42380000 - 0x00007ffc423fa000 	C:\WINDOWS\System32\bcryptPrimitives.dll
0x00007ffc2b480000 - 0x00007ffc2b4bb000 	C:\TestLeaf\Eclipse\Eclipse\plugins\org.eclipse.justj.openjdk.hotspot.jre.full.win32.x86_64_16.0.1.v20210528-1205\jre\bin\jdwp.dll
0x00007ffc31010000 - 0x00007ffc3101e000 	C:\TestLeaf\Eclipse\Eclipse\plugins\org.eclipse.justj.openjdk.hotspot.jre.full.win32.x86_64_16.0.1.v20210528-1205\jre\bin\instrument.dll
0x00007ffc315d0000 - 0x00007ffc315f5000 	C:\TestLeaf\Eclipse\Eclipse\plugins\org.eclipse.justj.openjdk.hotspot.jre.full.win32.x86_64_16.0.1.v20210528-1205\jre\bin\java.dll
0x00007ffc31430000 - 0x00007ffc31448000 	C:\TestLeaf\Eclipse\Eclipse\plugins\org.eclipse.justj.openjdk.hotspot.jre.full.win32.x86_64_16.0.1.v20210528-1205\jre\bin\zip.dll
0x00007ffc42fb0000 - 0x00007ffc43808000 	C:\WINDOWS\System32\SHELL32.dll
0x00007ffc402b0000 - 0x00007ffc40ba2000 	C:\WINDOWS\SYSTEM32\windows.storage.dll
0x00007ffc40170000 - 0x00007ffc402ae000 	C:\WINDOWS\SYSTEM32\wintypes.dll
0x00007ffc43a90000 - 0x00007ffc43b83000 	C:\WINDOWS\System32\SHCORE.dll
0x00007ffc43b90000 - 0x00007ffc43bee000 	C:\WINDOWS\System32\shlwapi.dll
0x00007ffc42280000 - 0x00007ffc422a6000 	C:\WINDOWS\SYSTEM32\profapi.dll
0x00007ffc2c640000 - 0x00007ffc2c64c000 	C:\TestLeaf\Eclipse\Eclipse\plugins\org.eclipse.justj.openjdk.hotspot.jre.full.win32.x86_64_16.0.1.v20210528-1205\jre\bin\dt_socket.dll
0x00007ffc40e50000 - 0x00007ffc40e7d000 	C:\WINDOWS\SYSTEM32\IPHLPAPI.DLL
0x00007ffc41810000 - 0x00007ffc41879000 	C:\WINDOWS\system32\mswsock.dll
0x00007ffc40ed0000 - 0x00007ffc40fc9000 	C:\WINDOWS\SYSTEM32\DNSAPI.dll
0x00007ffc43bf0000 - 0x00007ffc43bf9000 	C:\WINDOWS\System32\NSI.dll
0x00007ffc282f0000 - 0x00007ffc282fa000 	C:\Windows\System32\rasadhlp.dll
0x00007ffc36d70000 - 0x00007ffc36df4000 	C:\WINDOWS\System32\fwpuclnt.dll
0x00007ffc31100000 - 0x00007ffc31119000 	C:\TestLeaf\Eclipse\Eclipse\plugins\org.eclipse.justj.openjdk.hotspot.jre.full.win32.x86_64_16.0.1.v20210528-1205\jre\bin\net.dll
0x00007ffc39ff0000 - 0x00007ffc3a127000 	C:\WINDOWS\SYSTEM32\WINHTTP.dll
0x00007ffc2c600000 - 0x00007ffc2c613000 	C:\TestLeaf\Eclipse\Eclipse\plugins\org.eclipse.justj.openjdk.hotspot.jre.full.win32.x86_64_16.0.1.v20210528-1205\jre\bin\nio.dll
0x00007ffc3d6c0000 - 0x00007ffc3d6d0000 	C:\TestLeaf\Eclipse\Eclipse\plugins\org.eclipse.justj.openjdk.hotspot.jre.full.win32.x86_64_16.0.1.v20210528-1205\jre\bin\verify.dll

dbghelp: loaded successfully - version: 4.0.5 - missing functions: none
symbol engine: initialized successfully - sym options: 0x614 - pdb path: .;C:\TestLeaf\Eclipse\Eclipse\plugins\org.eclipse.justj.openjdk.hotspot.jre.full.win32.x86_64_16.0.1.v20210528-1205\jre\bin;C:\WINDOWS\SYSTEM32;C:\WINDOWS\WinSxS\amd64_microsoft.windows.common-controls_6595b64144ccf1df_6.0.22621.2361_none_2712ced57382f843;C:\TestLeaf\Eclipse\Eclipse\plugins\org.eclipse.justj.openjdk.hotspot.jre.full.win32.x86_64_16.0.1.v20210528-1205\jre\bin\server

VM Arguments:
jvm_args: -XX:+ShowCodeDetailsInExceptionMessages -agentlib:jdwp=transport=dt_socket,suspend=y,address=localhost:63147 -javaagent:C:\TestLeaf\Eclipse\Eclipse\configuration\org.eclipse.osgi\222\0\.cp\lib\javaagent-shaded.jar -Dfile.encoding=Cp1252 
java_command: week1Dharu.day2.FindMissingElementAssignment
java_class_path (initial): C:\TestLeaf\Eclipse Workspace\Selenium\target\classes;C:\Users\DHARANI\.m2\repository\org\seleniumhq\selenium\selenium-java\4.13.0\selenium-java-4.13.0.jar;C:\Users\DHARANI\.m2\repository\org\seleniumhq\selenium\selenium-api\4.13.0\selenium-api-4.13.0.jar;C:\Users\DHARANI\.m2\repository\org\seleniumhq\selenium\selenium-chrome-driver\4.13.0\selenium-chrome-driver-4.13.0.jar;C:\Users\DHARANI\.m2\repository\com\google\auto\service\auto-service-annotations\1.1.1\auto-service-annotations-1.1.1.jar;C:\Users\DHARANI\.m2\repository\com\google\guava\guava\32.1.2-jre\guava-32.1.2-jre.jar;C:\Users\DHARANI\.m2\repository\com\google\guava\failureaccess\1.0.1\failureaccess-1.0.1.jar;C:\Users\DHARANI\.m2\repository\com\google\guava\listenablefuture\9999.0-empty-to-avoid-conflict-with-guava\listenablefuture-9999.0-empty-to-avoid-conflict-with-guava.jar;C:\Users\DHARANI\.m2\repository\com\google\code\findbugs\jsr305\3.0.2\jsr305-3.0.2.jar;C:\Users\DHARANI\.m2\repository\org\checkerframework\checker-qual\3.33.0\checker-qual-3.33.0.jar;C:\Users\DHARANI\.m2\repository\com\google\errorprone\error_prone_annotations\2.18.0\error_prone_annotations-2.18.0.jar;C:\Users\DHARANI\.m2\repository\com\google\j2objc\j2objc-annotations\2.8\j2objc-annotations-2.8.jar;C:\Users\DHARANI\.m2\repository\org\seleniumhq\selenium\selenium-chromium-driver\4.13.0\selenium-chromium-driver-4.13.0.jar;C:\Users\DHARANI\.m2\repository\org\seleniumhq\selenium\selenium-json\4.13.0\selenium-json-4.13.0.jar;C:\Users\DHARANI\.m2\repository\org\seleniumhq\selenium\selenium-manager\4.13.0\selenium-manager-4.13.0.jar;C:\Users\DHARANI\.m2\repository\org\seleniumhq\selenium\selenium-devtools-v115\4.13.0\selenium-devtools-v115-4.13.0.jar;C:\Users\DHARANI\.m2\repository\org\seleniumhq\selenium\selenium-devtools-v116\4.13.0\selenium-devtools-v116-4.13.0.jar;C:\Users\DHARANI\.m2\repository\org\seleniumhq\selenium\selenium-devtools-v117\4.13.0\selenium-devtools-v117-4.13.0.jar;C:\Users\DHARANI\.m2\rep
Launcher Type: SUN_STANDARD

[Global flags]
     intx CICompilerCount                          = 3                                         {product} {ergonomic}
     uint ConcGCThreads                            = 1                                         {product} {ergonomic}
     uint G1ConcRefinementThreads                  = 4                                         {product} {ergonomic}
   size_t G1HeapRegionSize                         = 1048576                                   {product} {ergonomic}
    uintx GCDrainStackTargetSize                   = 64                                        {product} {ergonomic}
   size_t InitialHeapSize                          = 100663296                                 {product} {ergonomic}
   size_t MarkStackSize                            = 4194304                                   {product} {ergonomic}
   size_t MaxHeapSize                              = 1595932672                                {product} {ergonomic}
   size_t MaxNewSize                               = 957349888                                 {product} {ergonomic}
   size_t MinHeapDeltaBytes                        = 1048576                                   {product} {ergonomic}
   size_t MinHeapSize                              = 8388608                                   {product} {ergonomic}
    uintx NonNMethodCodeHeapSize                   = 5832780                                {pd product} {ergonomic}
    uintx NonProfiledCodeHeapSize                  = 122912730                              {pd product} {ergonomic}
    uintx ProfiledCodeHeapSize                     = 122912730                              {pd product} {ergonomic}
    uintx ReservedCodeCacheSize                    = 251658240                              {pd product} {ergonomic}
     bool SegmentedCodeCache                       = true                                      {product} {ergonomic}
     bool ShowCodeDetailsInExceptionMessages       = true                                   {manageable} {command line}
   size_t SoftMaxHeapSize                          = 1595932672                             {manageable} {ergonomic}
     bool UseCompressedClassPointers               = true                           {product lp64_product} {ergonomic}
     bool UseCompressedOops                        = true                           {product lp64_product} {ergonomic}
     bool UseG1GC                                  = true                                      {product} {ergonomic}
     bool UseLargePagesIndividualAllocation        = false                                  {pd product} {ergonomic}

Logging:
Log output configuration:
 #0: stdout all=warning uptime,level,tags
 #1: stderr all=off uptime,level,tags

Environment Variables:
JAVA_HOME=C:\Program Files\Java\jdk-21
PATH=C:\TestLeaf\Eclipse\Eclipse\plugins\org.eclipse.justj.openjdk.hotspot.jre.full.win32.x86_64_16.0.1.v20210528-1205\jre\bin;C:/TestLeaf/Eclipse/Eclipse//plugins/org.eclipse.justj.openjdk.hotspot.jre.full.win32.x86_64_16.0.1.v20210528-1205/jre/bin/server;C:/TestLeaf/Eclipse/Eclipse//plugins/org.eclipse.justj.openjdk.hotspot.jre.full.win32.x86_64_16.0.1.v20210528-1205/jre/bin;C:\Program Files (x86)\Common Files\Oracle\Java\javapath;C:\Program Files\Common Files\Oracle\Java\javapath;C:\WINDOWS\system32;C:\WINDOWS;C:\WINDOWS\System32\Wbem;C:\WINDOWS\System32\WindowsPowerShell\v1.0\;C:\WINDOWS\System32\OpenSSH\;C:\Program Files\Java\jdk-21\bin;C:\maven\apache-maven-3.9.5-bin\apache-maven-3.9.5\bin;C:\Users\DHARANI\AppData\Local\Microsoft\WindowsApps;;C:\TestLeaf\Eclipse\Eclipse;
USERNAME=DHARANI
OS=Windows_NT
PROCESSOR_IDENTIFIER=AMD64 Family 23 Model 24 Stepping 1, AuthenticAMD



---------------  S Y S T E M  ---------------

OS:
 Windows 10 , 64 bit Build 22621 (10.0.22621.2428)
OS uptime: 2 days 1:35 hours

CPU: total 4 (initial active 4) (4 cores per cpu, 2 threads per core) family 23 model 24 stepping 1 microcode 0x0, cx8, cmov, fxsr, ht, mmx, 3dnowpref, sse, sse2, sse3, ssse3, sse4a, sse4.1, sse4.2, popcnt, lzcnt, tsc, tscinvbit, avx, avx2, aes, clmul, bmi1, bmi2, adx, sha, fma, vzeroupper, clflush, clflushopt

Memory: 4k page, system-wide physical 6086M (1034M free)
TotalPageFile size 11727M (AvailPageFile size 1533M)
current process WorkingSet (physical memory assigned to process): 54M, peak: 56M
current process commit charge ("private bytes"): 173M, peak: 175M

vm_info: OpenJDK 64-Bit Server VM (16.0.1+9-24) for windows-amd64 JRE (16.0.1+9-24), built on Mar 26 2021 19:30:07 by "mach5one" with MS VC++ 16.7 (VS2019)

END.
