#
# A fatal error has been detected by the Java Runtime Environment:
#
#  EXCEPTION_ACCESS_VIOLATION (0xc0000005) at pc=0x00007ffb9f7da5a8, pid=15148, tid=4996
#
# JRE version: OpenJDK Runtime Environment (16.0.1+9) (build 16.0.1+9-24)
# Java VM: OpenJDK 64-Bit Server VM (16.0.1+9-24, mixed mode, tiered, compressed oops, compressed class ptrs, g1 gc, windows-amd64)
# Problematic frame:
# V  [jvm.dll+0x23a5a8]
#
# No core dump will be written. Minidumps are not enabled by default on client versions of Windows
#
# If you would like to submit a bug report, please visit:
#   https://bugreport.java.com/bugreport/crash.jsp
#

---------------  S U M M A R Y ------------

Command Line: -XX:+ShowCodeDetailsInExceptionMessages -agentlib:jdwp=transport=dt_socket,suspend=y,address=localhost:63627 -javaagent:C:\TestLeaf\Eclipse\Eclipse\configuration\org.eclipse.osgi\222\0\.cp\lib\javaagent-shaded.jar -Dfile.encoding=Cp1252 assignment.Palindrome

Host: AMD Ryzen 3 3250U with Radeon Graphics         , 4 cores, 5G,  Windows 10 , 64 bit Build 22621 (10.0.22621.2428)
Time: Thu Nov  9 12:57:59 2023 India Standard Time elapsed time: 244.085137 seconds (0d 0h 4m 4s)

---------------  T H R E A D  ---------------

Current thread (0x000002694b571600):  VMThread "VM Thread" [stack: 0x000000ab17400000,0x000000ab17500000] [id=4996]

Stack: [0x000000ab17400000,0x000000ab17500000],  sp=0x000000ab174ff008,  free space=1020k
Native frames: (J=compiled Java code, j=interpreted, Vv=VM code, C=native code)
V  [jvm.dll+0x23a5a8]


siginfo: EXCEPTION_ACCESS_VIOLATION (0xc0000005), reading address 0x000002694d188ae0


Register to memory mapping:

RIP=0x00007ffb9f7da5a8 jvm.dll
RAX=0x000000000014e7e0 is an unknown value
RBX=0x000000ab174ff2b0 points into unknown readable memory: 0x00007ffb9fed21f8 | f8 21 ed 9f fb 7f 00 00
RCX=0x000002694d03a300 is pointing into metadata
RDX=0x000000000000a73e is an unknown value
RSP=0x000000ab174ff008 points into unknown readable memory: 0x00007ffb9f8cd0b3 | b3 d0 8c 9f fb 7f 00 00
RBP=0x0000000000000001 is an unknown value
RSI=0x0000000000000001 is an unknown value
RDI=0x000002694d037c70 is pointing into metadata
R8 =0x0 is NULL
R9 =0x000002694d037c70 is pointing into metadata
R10=0x000000ab174ff2b0 points into unknown readable memory: 0x00007ffb9fed21f8 | f8 21 ed 9f fb 7f 00 00
R11=0x000002694c057750 points into unknown readable memory: 0x4600000147000000 | 00 00 00 47 01 00 00 46
R12=0x00007ffb9f5a0000 jvm.dll
R13=0x000002694c0576d0 points into unknown readable memory: 0x00000000a6c9e400 | 00 e4 c9 a6 00 00 00 00
R14=0x000002694d03a230 is pointing into metadata
R15=0x000000000000001d is an unknown value


Registers:
RAX=0x000000000014e7e0, RBX=0x000000ab174ff2b0, RCX=0x000002694d03a300, RDX=0x000000000000a73e
RSP=0x000000ab174ff008, RBP=0x0000000000000001, RSI=0x0000000000000001, RDI=0x000002694d037c70
R8 =0x0000000000000000, R9 =0x000002694d037c70, R10=0x000000ab174ff2b0, R11=0x000002694c057750
R12=0x00007ffb9f5a0000, R13=0x000002694c0576d0, R14=0x000002694d03a230, R15=0x000000000000001d
RIP=0x00007ffb9f7da5a8, EFLAGS=0x0000000000010212

Top of Stack: (sp=0x000000ab174ff008)
0x000000ab174ff008:   00007ffb9f8cd0b3 000000ab174ff080
0x000000ab174ff018:   00007ffb9f6cd03e 000000ab174ff080
0x000000ab174ff028:   00007ffb9f6c52ae 000002694d03a288
0x000000ab174ff038:   00000000000000b2 000000ab174ff2b0
0x000000ab174ff048:   00007ffb9f8cddc3 00006c1e67f92e0b
0x000000ab174ff058:   00006c1e67f92e3b 000002694d03a230
0x000000ab174ff068:   00000000000000b2 000000ab174ff2b0
0x000000ab174ff078:   00007ffb9f8cf612 000002694d03a22d
0x000000ab174ff088:   000000ab174ff120 0000000000000001
0x000000ab174ff098:   000002694d03a223 000000ab00000018
0x000000ab174ff0a8:   0000000000000000 00007ffba00b0980
0x000000ab174ff0b8:   000000ab174ff120 0000000000000000
0x000000ab174ff0c8:   00007ffb9f6cd03e 000002694d03a288
0x000000ab174ff0d8:   000000ab174ff2b0 000000000000001d
0x000000ab174ff0e8:   00000000000000b2 000000ab174ff2b0
0x000000ab174ff0f8:   00007ffb9f8cfd1e 000000ab174ff150 

Instructions: (pc=0x00007ffb9f7da5a8)
0x00007ffb9f7da4a8:   03 03 03 03 03 03 03 03 03 03 03 03 03 03 03 03
0x00007ffb9f7da4b8:   03 03 03 03 03 03 03 03 03 03 03 03 03 03 03 03
0x00007ffb9f7da4c8:   03 03 03 03 03 03 03 03 03 03 03 03 03 03 03 03
0x00007ffb9f7da4d8:   03 03 03 03 03 03 03 03 03 03 03 03 03 03 03 03
0x00007ffb9f7da4e8:   03 03 03 02 03 03 02 cc 48 89 5c 24 08 48 89 74
0x00007ffb9f7da4f8:   24 10 57 48 83 ec 20 48 63 da 41 0f b6 f0 48 8b
0x00007ffb9f7da508:   f9 85 d2 79 24 4c 8d 0d cc 92 69 00 ba b4 02 00
0x00007ffb9f7da518:   00 4c 8d 05 f8 92 69 00 48 8d 0d 61 92 69 00 e8
0x00007ffb9f7da528:   64 88 00 00 e8 0f de 42 00 40 84 f6 75 18 48 8b
0x00007ffb9f7da538:   4f 10 48 85 c9 74 0f 48 8d 43 01 48 c1 e0 05 48
0x00007ffb9f7da548:   8b 04 08 0f b7 d8 48 8b 74 24 38 48 63 c3 48 8b
0x00007ffb9f7da558:   5c 24 30 0f b7 44 c7 48 48 83 c4 20 5f c3 cc cc
0x00007ffb9f7da568:   cc cc cc cc cc cc cc cc 4c 8b c9 45 84 c0 75 41
0x00007ffb9f7da578:   48 8b 49 10 48 85 c9 74 38 85 d2 79 19 f7 d2 8b
0x00007ffb9f7da588:   c2 48 ff c0 48 c1 e0 05 48 8b 04 08 0f b7 c8 41
0x00007ffb9f7da598:   0f b7 44 c9 4a c3 48 63 c2 48 ff c0 48 c1 e0 05
0x00007ffb9f7da5a8:   48 8b 04 08 0f b7 d0 48 63 c2 41 0f b7 44 c1 4a
0x00007ffb9f7da5b8:   c3 49 8b 41 08 4c 63 c2 42 0f b6 44 00 04 8d 48
0x00007ffb9f7da5c8:   ef 80 f9 01 76 0e 3c 6a 74 0a 48 63 c2 41 0f b7
0x00007ffb9f7da5d8:   44 c1 4a c3 43 0f b7 44 c1 4a c3 cc cc cc cc cc
0x00007ffb9f7da5e8:   cc cc cc cc cc cc cc cc 40 53 48 83 ec 20 48 8b
0x00007ffb9f7da5f8:   d9 e8 72 ff ff ff 48 63 d0 0f b7 44 d3 48 48 8b
0x00007ffb9f7da608:   44 c3 48 48 83 c4 20 5b c3 cc cc cc cc cc cc cc
0x00007ffb9f7da618:   cc cc cc cc cc cc cc cc 40 53 48 83 ec 20 48 8b
0x00007ffb9f7da628:   d9 e8 42 ff ff ff 48 63 d0 0f b7 44 d3 4a 48 8b
0x00007ffb9f7da638:   44 c3 48 48 83 c4 20 5b c3 cc cc cc cc cc cc cc
0x00007ffb9f7da648:   cc cc cc cc cc cc cc cc 4c 8b d1 45 84 c9 75 28
0x00007ffb9f7da658:   4c 8b 49 10 4d 85 c9 74 1f 45 85 c0 79 08 41 f7
0x00007ffb9f7da668:   d0 41 8b c0 eb 03 49 63 c0 48 ff c0 48 c1 e0 05
0x00007ffb9f7da678:   4a 8b 04 08 44 0f b7 c0 49 8b 42 08 49 63 c8 0f
0x00007ffb9f7da688:   b6 4c 08 04 48 8b c2 88 0a c3 cc cc cc cc cc cc
0x00007ffb9f7da698:   cc cc cc cc cc cc cc cc 40 56 57 41 54 41 56 41 


Stack slot to memory mapping:
stack at sp + 0 slots: 0x00007ffb9f8cd0b3 jvm.dll
stack at sp + 1 slots: 0x000000ab174ff080 points into unknown readable memory: 0x000002694d03a22d | 2d a2 03 4d 69 02 00 00
stack at sp + 2 slots: 0x00007ffb9f6cd03e jvm.dll
stack at sp + 3 slots: 0x000000ab174ff080 points into unknown readable memory: 0x000002694d03a22d | 2d a2 03 4d 69 02 00 00
stack at sp + 4 slots: 0x00007ffb9f6c52ae jvm.dll
stack at sp + 5 slots: {method} {0x000002694d03a290} 'main' '([Ljava/lang/String;)V' in 'assignment/Palindrome'
stack at sp + 6 slots: 0x00000000000000b2 is an unknown value
stack at sp + 7 slots: 0x000000ab174ff2b0 points into unknown readable memory: 0x00007ffb9fed21f8 | f8 21 ed 9f fb 7f 00 00

VM_Operation (0x000000ab180fef60): get/set locals, mode: safepoint, requested by thread 0x000002694c24ca60


---------------  P R O C E S S  ---------------

Threads class SMR info:
_java_thread_list=0x000002694cc065b0, length=15, elements={
0x00000269332cbc20, 0x000002694b575e10, 0x000002694b576e60, 0x000002694b5de010,
0x000002694b5deb20, 0x000002694b5e2450, 0x000002694c009a40, 0x000002694b5e7a40,
0x000002694c00e970, 0x000002694c023ec0, 0x000002694c00af80, 0x000002694c24ca60,
0x000002694c254d50, 0x000002694c255290, 0x000002694c00b4d0
}

Java Threads: ( => current thread )
  0x00000269332cbc20 JavaThread "main" [_thread_blocked, id=14128, stack(0x000000ab16e00000,0x000000ab16f00000)]
  0x000002694b575e10 JavaThread "Reference Handler" daemon [_thread_blocked, id=17792, stack(0x000000ab17500000,0x000000ab17600000)]
  0x000002694b576e60 JavaThread "Finalizer" daemon [_thread_blocked, id=15528, stack(0x000000ab17600000,0x000000ab17700000)]
  0x000002694b5de010 JavaThread "Signal Dispatcher" daemon [_thread_blocked, id=6720, stack(0x000000ab17800000,0x000000ab17900000)]
  0x000002694b5deb20 JavaThread "Attach Listener" daemon [_thread_blocked, id=19228, stack(0x000000ab17900000,0x000000ab17a00000)]
  0x000002694b5e2450 JavaThread "Service Thread" daemon [_thread_blocked, id=18900, stack(0x000000ab17a00000,0x000000ab17b00000)]
  0x000002694c009a40 JavaThread "Monitor Deflation Thread" daemon [_thread_blocked, id=21512, stack(0x000000ab17b00000,0x000000ab17c00000)]
  0x000002694b5e7a40 JavaThread "C2 CompilerThread0" daemon [_thread_blocked, id=16068, stack(0x000000ab17c00000,0x000000ab17d00000)]
  0x000002694c00e970 JavaThread "C1 CompilerThread0" daemon [_thread_blocked, id=2860, stack(0x000000ab17d00000,0x000000ab17e00000)]
  0x000002694c023ec0 JavaThread "Sweeper thread" daemon [_thread_blocked, id=19736, stack(0x000000ab17e00000,0x000000ab17f00000)]
  0x000002694c00af80 JavaThread "Common-Cleaner" daemon [_thread_blocked, id=5824, stack(0x000000ab17f00000,0x000000ab18000000)]
  0x000002694c24ca60 JavaThread "JDWP Transport Listener: dt_socket" daemon [_thread_blocked, id=20688, stack(0x000000ab18000000,0x000000ab18100000)]
  0x000002694c254d50 JavaThread "JDWP Event Helper Thread" daemon [_thread_blocked, id=17212, stack(0x000000ab18100000,0x000000ab18200000)]
  0x000002694c255290 JavaThread "JDWP Command Reader" daemon [_thread_in_native, id=10084, stack(0x000000ab18200000,0x000000ab18300000)]
  0x000002694c00b4d0 JavaThread "Notification Thread" daemon [_thread_blocked, id=22164, stack(0x000000ab18300000,0x000000ab18400000)]

Other Threads:
=>0x000002694b571600 VMThread "VM Thread" [stack: 0x000000ab17400000,0x000000ab17500000] [id=4996]
  0x000002694c2d3d00 WatcherThread [stack: 0x000000ab18400000,0x000000ab18500000] [id=21892]
  0x0000026933302bb0 GCTaskThread "GC Thread#0" [stack: 0x000000ab16f00000,0x000000ab17000000] [id=4144]
  0x000002693330fb30 ConcurrentGCThread "G1 Main Marker" [stack: 0x000000ab17000000,0x000000ab17100000] [id=5632]
  0x0000026933310dc0 ConcurrentGCThread "G1 Conc#0" [stack: 0x000000ab17100000,0x000000ab17200000] [id=17284]
  0x0000026933377e40 ConcurrentGCThread "G1 Refine#0" [stack: 0x000000ab17200000,0x000000ab17300000] [id=3872]
  0x0000026933379860 ConcurrentGCThread "G1 Service" [stack: 0x000000ab17300000,0x000000ab17400000] [id=8040]

Threads with active compile tasks:

VM state: at safepoint (normal execution)

VM Mutex/Monitor currently owned by a thread:  ([mutex/lock_event])
[0x00000269332bf120] Threads_lock - owner thread: 0x000002694b571600

Heap address: 0x00000000a0e00000, size: 1522 MB, Compressed Oops mode: 32-bit

CDS disabled.
Compressed class space mapped at: 0x0000000100000000-0x0000000140000000, reserved size: 1073741824
Narrow klass base: 0x0000000000000000, Narrow klass shift: 3, Narrow klass range: 0x140000000

GC Precious Log:
 CPUs: 4 total, 4 available
 Memory: 6086M
 Large Page Support: Disabled
 NUMA Support: Disabled
 Compressed Oops: Enabled (32-bit)
 Heap Region Size: 1M
 Heap Min Capacity: 8M
 Heap Initial Capacity: 96M
 Heap Max Capacity: 1522M
 Pre-touch: Disabled
 Parallel Workers: 4
 Concurrent Workers: 1
 Concurrent Refinement Workers: 4
 Periodic GC: Disabled

Heap:
 garbage-first heap   total 98304K, used 10240K [0x00000000a0e00000, 0x0000000100000000)
  region size 1024K, 12 young (12288K), 0 survivors (0K)
 Metaspace       used 9470K, committed 9600K, reserved 1064960K
  class space    used 798K, committed 896K, reserved 1048576K

Heap Regions: E=young(eden), S=young(survivor), O=old, HS=humongous(starts), HC=humongous(continues), CS=collection set, F=free, OA=open archive, CA=closed archive, TAMS=top-at-mark-start (previous, next)
|   0|0x00000000a0e00000, 0x00000000a0e00000, 0x00000000a0f00000|  0%| F|  |TAMS 0x00000000a0e00000, 0x00000000a0e00000| Untracked 
|   1|0x00000000a0f00000, 0x00000000a0f00000, 0x00000000a1000000|  0%| F|  |TAMS 0x00000000a0f00000, 0x00000000a0f00000| Untracked 
|   2|0x00000000a1000000, 0x00000000a1000000, 0x00000000a1100000|  0%| F|  |TAMS 0x00000000a1000000, 0x00000000a1000000| Untracked 
|   3|0x00000000a1100000, 0x00000000a1100000, 0x00000000a1200000|  0%| F|  |TAMS 0x00000000a1100000, 0x00000000a1100000| Untracked 
|   4|0x00000000a1200000, 0x00000000a1200000, 0x00000000a1300000|  0%| F|  |TAMS 0x00000000a1200000, 0x00000000a1200000| Untracked 
|   5|0x00000000a1300000, 0x00000000a1300000, 0x00000000a1400000|  0%| F|  |TAMS 0x00000000a1300000, 0x00000000a1300000| Untracked 
|   6|0x00000000a1400000, 0x00000000a1400000, 0x00000000a1500000|  0%| F|  |TAMS 0x00000000a1400000, 0x00000000a1400000| Untracked 
|   7|0x00000000a1500000, 0x00000000a1500000, 0x00000000a1600000|  0%| F|  |TAMS 0x00000000a1500000, 0x00000000a1500000| Untracked 
|   8|0x00000000a1600000, 0x00000000a1600000, 0x00000000a1700000|  0%| F|  |TAMS 0x00000000a1600000, 0x00000000a1600000| Untracked 
|   9|0x00000000a1700000, 0x00000000a1700000, 0x00000000a1800000|  0%| F|  |TAMS 0x00000000a1700000, 0x00000000a1700000| Untracked 
|  10|0x00000000a1800000, 0x00000000a1800000, 0x00000000a1900000|  0%| F|  |TAMS 0x00000000a1800000, 0x00000000a1800000| Untracked 
|  11|0x00000000a1900000, 0x00000000a1900000, 0x00000000a1a00000|  0%| F|  |TAMS 0x00000000a1900000, 0x00000000a1900000| Untracked 
|  12|0x00000000a1a00000, 0x00000000a1a00000, 0x00000000a1b00000|  0%| F|  |TAMS 0x00000000a1a00000, 0x00000000a1a00000| Untracked 
|  13|0x00000000a1b00000, 0x00000000a1b00000, 0x00000000a1c00000|  0%| F|  |TAMS 0x00000000a1b00000, 0x00000000a1b00000| Untracked 
|  14|0x00000000a1c00000, 0x00000000a1c00000, 0x00000000a1d00000|  0%| F|  |TAMS 0x00000000a1c00000, 0x00000000a1c00000| Untracked 
|  15|0x00000000a1d00000, 0x00000000a1d00000, 0x00000000a1e00000|  0%| F|  |TAMS 0x00000000a1d00000, 0x00000000a1d00000| Untracked 
|  16|0x00000000a1e00000, 0x00000000a1e00000, 0x00000000a1f00000|  0%| F|  |TAMS 0x00000000a1e00000, 0x00000000a1e00000| Untracked 
|  17|0x00000000a1f00000, 0x00000000a1f00000, 0x00000000a2000000|  0%| F|  |TAMS 0x00000000a1f00000, 0x00000000a1f00000| Untracked 
|  18|0x00000000a2000000, 0x00000000a2000000, 0x00000000a2100000|  0%| F|  |TAMS 0x00000000a2000000, 0x00000000a2000000| Untracked 
|  19|0x00000000a2100000, 0x00000000a2100000, 0x00000000a2200000|  0%| F|  |TAMS 0x00000000a2100000, 0x00000000a2100000| Untracked 
|  20|0x00000000a2200000, 0x00000000a2200000, 0x00000000a2300000|  0%| F|  |TAMS 0x00000000a2200000, 0x00000000a2200000| Untracked 
|  21|0x00000000a2300000, 0x00000000a2300000, 0x00000000a2400000|  0%| F|  |TAMS 0x00000000a2300000, 0x00000000a2300000| Untracked 
|  22|0x00000000a2400000, 0x00000000a2400000, 0x00000000a2500000|  0%| F|  |TAMS 0x00000000a2400000, 0x00000000a2400000| Untracked 
|  23|0x00000000a2500000, 0x00000000a2500000, 0x00000000a2600000|  0%| F|  |TAMS 0x00000000a2500000, 0x00000000a2500000| Untracked 
|  24|0x00000000a2600000, 0x00000000a2600000, 0x00000000a2700000|  0%| F|  |TAMS 0x00000000a2600000, 0x00000000a2600000| Untracked 
|  25|0x00000000a2700000, 0x00000000a2700000, 0x00000000a2800000|  0%| F|  |TAMS 0x00000000a2700000, 0x00000000a2700000| Untracked 
|  26|0x00000000a2800000, 0x00000000a2800000, 0x00000000a2900000|  0%| F|  |TAMS 0x00000000a2800000, 0x00000000a2800000| Untracked 
|  27|0x00000000a2900000, 0x00000000a2900000, 0x00000000a2a00000|  0%| F|  |TAMS 0x00000000a2900000, 0x00000000a2900000| Untracked 
|  28|0x00000000a2a00000, 0x00000000a2a00000, 0x00000000a2b00000|  0%| F|  |TAMS 0x00000000a2a00000, 0x00000000a2a00000| Untracked 
|  29|0x00000000a2b00000, 0x00000000a2b00000, 0x00000000a2c00000|  0%| F|  |TAMS 0x00000000a2b00000, 0x00000000a2b00000| Untracked 
|  30|0x00000000a2c00000, 0x00000000a2c00000, 0x00000000a2d00000|  0%| F|  |TAMS 0x00000000a2c00000, 0x00000000a2c00000| Untracked 
|  31|0x00000000a2d00000, 0x00000000a2d00000, 0x00000000a2e00000|  0%| F|  |TAMS 0x00000000a2d00000, 0x00000000a2d00000| Untracked 
|  32|0x00000000a2e00000, 0x00000000a2e00000, 0x00000000a2f00000|  0%| F|  |TAMS 0x00000000a2e00000, 0x00000000a2e00000| Untracked 
|  33|0x00000000a2f00000, 0x00000000a2f00000, 0x00000000a3000000|  0%| F|  |TAMS 0x00000000a2f00000, 0x00000000a2f00000| Untracked 
|  34|0x00000000a3000000, 0x00000000a3000000, 0x00000000a3100000|  0%| F|  |TAMS 0x00000000a3000000, 0x00000000a3000000| Untracked 
|  35|0x00000000a3100000, 0x00000000a3100000, 0x00000000a3200000|  0%| F|  |TAMS 0x00000000a3100000, 0x00000000a3100000| Untracked 
|  36|0x00000000a3200000, 0x00000000a3200000, 0x00000000a3300000|  0%| F|  |TAMS 0x00000000a3200000, 0x00000000a3200000| Untracked 
|  37|0x00000000a3300000, 0x00000000a3300000, 0x00000000a3400000|  0%| F|  |TAMS 0x00000000a3300000, 0x00000000a3300000| Untracked 
|  38|0x00000000a3400000, 0x00000000a3400000, 0x00000000a3500000|  0%| F|  |TAMS 0x00000000a3400000, 0x00000000a3400000| Untracked 
|  39|0x00000000a3500000, 0x00000000a3500000, 0x00000000a3600000|  0%| F|  |TAMS 0x00000000a3500000, 0x00000000a3500000| Untracked 
|  40|0x00000000a3600000, 0x00000000a3600000, 0x00000000a3700000|  0%| F|  |TAMS 0x00000000a3600000, 0x00000000a3600000| Untracked 
|  41|0x00000000a3700000, 0x00000000a3700000, 0x00000000a3800000|  0%| F|  |TAMS 0x00000000a3700000, 0x00000000a3700000| Untracked 
|  42|0x00000000a3800000, 0x00000000a3800000, 0x00000000a3900000|  0%| F|  |TAMS 0x00000000a3800000, 0x00000000a3800000| Untracked 
|  43|0x00000000a3900000, 0x00000000a3900000, 0x00000000a3a00000|  0%| F|  |TAMS 0x00000000a3900000, 0x00000000a3900000| Untracked 
|  44|0x00000000a3a00000, 0x00000000a3a00000, 0x00000000a3b00000|  0%| F|  |TAMS 0x00000000a3a00000, 0x00000000a3a00000| Untracked 
|  45|0x00000000a3b00000, 0x00000000a3b00000, 0x00000000a3c00000|  0%| F|  |TAMS 0x00000000a3b00000, 0x00000000a3b00000| Untracked 
|  46|0x00000000a3c00000, 0x00000000a3c00000, 0x00000000a3d00000|  0%| F|  |TAMS 0x00000000a3c00000, 0x00000000a3c00000| Untracked 
|  47|0x00000000a3d00000, 0x00000000a3d00000, 0x00000000a3e00000|  0%| F|  |TAMS 0x00000000a3d00000, 0x00000000a3d00000| Untracked 
|  48|0x00000000a3e00000, 0x00000000a3e00000, 0x00000000a3f00000|  0%| F|  |TAMS 0x00000000a3e00000, 0x00000000a3e00000| Untracked 
|  49|0x00000000a3f00000, 0x00000000a3f00000, 0x00000000a4000000|  0%| F|  |TAMS 0x00000000a3f00000, 0x00000000a3f00000| Untracked 
|  50|0x00000000a4000000, 0x00000000a4000000, 0x00000000a4100000|  0%| F|  |TAMS 0x00000000a4000000, 0x00000000a4000000| Untracked 
|  51|0x00000000a4100000, 0x00000000a4100000, 0x00000000a4200000|  0%| F|  |TAMS 0x00000000a4100000, 0x00000000a4100000| Untracked 
|  52|0x00000000a4200000, 0x00000000a4200000, 0x00000000a4300000|  0%| F|  |TAMS 0x00000000a4200000, 0x00000000a4200000| Untracked 
|  53|0x00000000a4300000, 0x00000000a4300000, 0x00000000a4400000|  0%| F|  |TAMS 0x00000000a4300000, 0x00000000a4300000| Untracked 
|  54|0x00000000a4400000, 0x00000000a4400000, 0x00000000a4500000|  0%| F|  |TAMS 0x00000000a4400000, 0x00000000a4400000| Untracked 
|  55|0x00000000a4500000, 0x00000000a4500000, 0x00000000a4600000|  0%| F|  |TAMS 0x00000000a4500000, 0x00000000a4500000| Untracked 
|  56|0x00000000a4600000, 0x00000000a4600000, 0x00000000a4700000|  0%| F|  |TAMS 0x00000000a4600000, 0x00000000a4600000| Untracked 
|  57|0x00000000a4700000, 0x00000000a4700000, 0x00000000a4800000|  0%| F|  |TAMS 0x00000000a4700000, 0x00000000a4700000| Untracked 
|  58|0x00000000a4800000, 0x00000000a4800000, 0x00000000a4900000|  0%| F|  |TAMS 0x00000000a4800000, 0x00000000a4800000| Untracked 
|  59|0x00000000a4900000, 0x00000000a4900000, 0x00000000a4a00000|  0%| F|  |TAMS 0x00000000a4900000, 0x00000000a4900000| Untracked 
|  60|0x00000000a4a00000, 0x00000000a4a00000, 0x00000000a4b00000|  0%| F|  |TAMS 0x00000000a4a00000, 0x00000000a4a00000| Untracked 
|  61|0x00000000a4b00000, 0x00000000a4b00000, 0x00000000a4c00000|  0%| F|  |TAMS 0x00000000a4b00000, 0x00000000a4b00000| Untracked 
|  62|0x00000000a4c00000, 0x00000000a4c00000, 0x00000000a4d00000|  0%| F|  |TAMS 0x00000000a4c00000, 0x00000000a4c00000| Untracked 
|  63|0x00000000a4d00000, 0x00000000a4d00000, 0x00000000a4e00000|  0%| F|  |TAMS 0x00000000a4d00000, 0x00000000a4d00000| Untracked 
|  64|0x00000000a4e00000, 0x00000000a4e00000, 0x00000000a4f00000|  0%| F|  |TAMS 0x00000000a4e00000, 0x00000000a4e00000| Untracked 
|  65|0x00000000a4f00000, 0x00000000a4f00000, 0x00000000a5000000|  0%| F|  |TAMS 0x00000000a4f00000, 0x00000000a4f00000| Untracked 
|  66|0x00000000a5000000, 0x00000000a5000000, 0x00000000a5100000|  0%| F|  |TAMS 0x00000000a5000000, 0x00000000a5000000| Untracked 
|  67|0x00000000a5100000, 0x00000000a5100000, 0x00000000a5200000|  0%| F|  |TAMS 0x00000000a5100000, 0x00000000a5100000| Untracked 
|  68|0x00000000a5200000, 0x00000000a5200000, 0x00000000a5300000|  0%| F|  |TAMS 0x00000000a5200000, 0x00000000a5200000| Untracked 
|  69|0x00000000a5300000, 0x00000000a5300000, 0x00000000a5400000|  0%| F|  |TAMS 0x00000000a5300000, 0x00000000a5300000| Untracked 
|  70|0x00000000a5400000, 0x00000000a5400000, 0x00000000a5500000|  0%| F|  |TAMS 0x00000000a5400000, 0x00000000a5400000| Untracked 
|  71|0x00000000a5500000, 0x00000000a5500000, 0x00000000a5600000|  0%| F|  |TAMS 0x00000000a5500000, 0x00000000a5500000| Untracked 
|  72|0x00000000a5600000, 0x00000000a5600000, 0x00000000a5700000|  0%| F|  |TAMS 0x00000000a5600000, 0x00000000a5600000| Untracked 
|  73|0x00000000a5700000, 0x00000000a5700000, 0x00000000a5800000|  0%| F|  |TAMS 0x00000000a5700000, 0x00000000a5700000| Untracked 
|  74|0x00000000a5800000, 0x00000000a5800000, 0x00000000a5900000|  0%| F|  |TAMS 0x00000000a5800000, 0x00000000a5800000| Untracked 
|  75|0x00000000a5900000, 0x00000000a5900000, 0x00000000a5a00000|  0%| F|  |TAMS 0x00000000a5900000, 0x00000000a5900000| Untracked 
|  76|0x00000000a5a00000, 0x00000000a5a00000, 0x00000000a5b00000|  0%| F|  |TAMS 0x00000000a5a00000, 0x00000000a5a00000| Untracked 
|  77|0x00000000a5b00000, 0x00000000a5b00000, 0x00000000a5c00000|  0%| F|  |TAMS 0x00000000a5b00000, 0x00000000a5b00000| Untracked 
|  78|0x00000000a5c00000, 0x00000000a5c00000, 0x00000000a5d00000|  0%| F|  |TAMS 0x00000000a5c00000, 0x00000000a5c00000| Untracked 
|  79|0x00000000a5d00000, 0x00000000a5d00000, 0x00000000a5e00000|  0%| F|  |TAMS 0x00000000a5d00000, 0x00000000a5d00000| Untracked 
|  80|0x00000000a5e00000, 0x00000000a5e00000, 0x00000000a5f00000|  0%| F|  |TAMS 0x00000000a5e00000, 0x00000000a5e00000| Untracked 
|  81|0x00000000a5f00000, 0x00000000a5f00000, 0x00000000a6000000|  0%| F|  |TAMS 0x00000000a5f00000, 0x00000000a5f00000| Untracked 
|  82|0x00000000a6000000, 0x00000000a6000000, 0x00000000a6100000|  0%| F|  |TAMS 0x00000000a6000000, 0x00000000a6000000| Untracked 
|  83|0x00000000a6100000, 0x00000000a6100000, 0x00000000a6200000|  0%| F|  |TAMS 0x00000000a6100000, 0x00000000a6100000| Untracked 
|  84|0x00000000a6200000, 0x00000000a6243c98, 0x00000000a6300000| 26%| E|  |TAMS 0x00000000a6200000, 0x00000000a6200000| Complete 
|  85|0x00000000a6300000, 0x00000000a6400000, 0x00000000a6400000|100%| E|CS|TAMS 0x00000000a6300000, 0x00000000a6300000| Complete 
|  86|0x00000000a6400000, 0x00000000a6500000, 0x00000000a6500000|100%| E|CS|TAMS 0x00000000a6400000, 0x00000000a6400000| Complete 
|  87|0x00000000a6500000, 0x00000000a6600000, 0x00000000a6600000|100%| E|CS|TAMS 0x00000000a6500000, 0x00000000a6500000| Complete 
|  88|0x00000000a6600000, 0x00000000a6700000, 0x00000000a6700000|100%| E|CS|TAMS 0x00000000a6600000, 0x00000000a6600000| Complete 
|  89|0x00000000a6700000, 0x00000000a6800000, 0x00000000a6800000|100%| E|CS|TAMS 0x00000000a6700000, 0x00000000a6700000| Complete 
|  90|0x00000000a6800000, 0x00000000a6900000, 0x00000000a6900000|100%| E|  |TAMS 0x00000000a6800000, 0x00000000a6800000| Complete 
|  91|0x00000000a6900000, 0x00000000a6a00000, 0x00000000a6a00000|100%| E|CS|TAMS 0x00000000a6900000, 0x00000000a6900000| Complete 
|  92|0x00000000a6a00000, 0x00000000a6b00000, 0x00000000a6b00000|100%| E|CS|TAMS 0x00000000a6a00000, 0x00000000a6a00000| Complete 
|  93|0x00000000a6b00000, 0x00000000a6c00000, 0x00000000a6c00000|100%| E|CS|TAMS 0x00000000a6b00000, 0x00000000a6b00000| Complete 
|  94|0x00000000a6c00000, 0x00000000a6d00000, 0x00000000a6d00000|100%| E|CS|TAMS 0x00000000a6c00000, 0x00000000a6c00000| Complete 
|  95|0x00000000a6d00000, 0x00000000a6e00000, 0x00000000a6e00000|100%| E|CS|TAMS 0x00000000a6d00000, 0x00000000a6d00000| Complete 

Card table byte_map: [0x0000026945b20000,0x0000026945e20000] _byte_map_base: 0x0000026945619000

Marking Bits (Prev, Next): (CMBitMap*) 0x00000269333032a0, (CMBitMap*) 0x00000269333032e0
 Prev Bits: [0x0000026946120000, 0x00000269478e8000)
 Next Bits: [0x00000269478f0000, 0x00000269490b8000)

Polling page: 0x0000026932a90000

Metaspace:

Usage:
  Non-class:      8.47 MB used.
      Class:    798.89 KB used.
       Both:      9.25 MB used.

Virtual space:
  Non-class space:       16.00 MB reserved,       8.50 MB ( 53%) committed,  2 nodes.
      Class space:        1.00 GB reserved,     896.00 KB ( <1%) committed,  1 nodes.
              Both:        1.02 GB reserved,       9.38 MB ( <1%) committed. 

Chunk freelists:
   Non-Class:  2.77 MB
       Class:  3.10 MB
        Both:  5.87 MB

MaxMetaspaceSize: 17179869184.00 GB
CompressedClassSpaceSize: 1.00 GB
 - commit_granule_bytes: 65536.
 - commit_granule_words: 8192.
 - virtual_space_node_default_size: 1048576.
 - enlarge_chunks_in_place: 1.
 - new_chunks_are_fully_committed: 0.
 - uncommit_free_chunks: 1.
 - use_allocation_guard: 0.
 - handle_deallocations: 1.


Internal statistics:

num_allocs_failed_limit: 0.
num_arena_births: 10.
num_arena_deaths: 0.
num_vsnodes_births: 3.
num_vsnodes_deaths: 0.
num_space_committed: 150.
num_space_uncommitted: 0.
num_chunks_returned_to_freelist: 0.
num_chunks_taken_from_freelist: 52.
num_chunk_merges: 0.
num_chunk_splits: 19.
num_chunks_enlarged: 11.
num_purges: 0.

CodeHeap 'non-profiled nmethods': size=120000Kb used=201Kb max_used=201Kb free=119798Kb
 bounds [0x000002693e2f0000, 0x000002693e560000, 0x0000026945820000]
CodeHeap 'profiled nmethods': size=120000Kb used=923Kb max_used=923Kb free=119076Kb
 bounds [0x0000026936dc0000, 0x0000026937030000, 0x000002693e2f0000]
CodeHeap 'non-nmethods': size=5760Kb used=1197Kb max_used=1215Kb free=4562Kb
 bounds [0x0000026936820000, 0x0000026936a90000, 0x0000026936dc0000]
 total_blobs=987 nmethods=584 adapters=316
 compilation: enabled
              stopped_count=0, restarted_count=0
 full_count=0

Compilation events (20 events):
Event: 0.859 Thread 0x000002694c00e970 nmethod 577 0x0000026936ea2790 code [0x0000026936ea2980, 0x0000026936ea2ee8]
Event: 0.859 Thread 0x000002694c00e970  578       3       sun.security.x509.X509CertImpl::getEncodedInternal (20 bytes)
Event: 0.859 Thread 0x000002694c00e970 nmethod 578 0x0000026936ea3110 code [0x0000026936ea3300, 0x0000026936ea3838]
Event: 0.859 Thread 0x000002694c00e970  579   !   3       java.security.cert.Certificate::equals (38 bytes)
Event: 0.860 Thread 0x000002694c00e970 nmethod 579 0x0000026936ea3990 code [0x0000026936ea3c20, 0x0000026936ea4988]
Event: 0.862 Thread 0x000002694c00e970  580       3       java.util.zip.ZipUtils::LOCSIG (6 bytes)
Event: 0.863 Thread 0x000002694b5e7a40 nmethod 576 0x000002693e321690 code [0x000002693e321820, 0x000002693e321c18]
Event: 0.863 Thread 0x000002694c00e970 nmethod 580 0x0000026936ea4e10 code [0x0000026936ea4fc0, 0x0000026936ea5298]
Event: 0.863 Thread 0x000002694b5e7a40  571       4       java.lang.String::getBytes (46 bytes)
Event: 0.863 Thread 0x000002694c00e970  581       3       java.lang.StringConcatHelper::stringOf (20 bytes)
Event: 0.863 Thread 0x000002694c00e970 nmethod 581 0x0000026936ea5410 code [0x0000026936ea55c0, 0x0000026936ea5808]
Event: 0.863 Thread 0x000002694c00e970  582       3       java.lang.StringConcatHelper::mix (27 bytes)
Event: 0.864 Thread 0x000002694c00e970 nmethod 582 0x0000026936ea5910 code [0x0000026936ea5b00, 0x0000026936ea5f28]
Event: 0.865 Thread 0x000002694b5e7a40 nmethod 571 0x000002693e321e10 code [0x000002693e321fa0, 0x000002693e322218]
Event: 0.865 Thread 0x000002694b5e7a40  553       4       java.lang.StringLatin1::charAt (28 bytes)
Event: 0.865 Thread 0x000002694b5e7a40 nmethod 553 0x000002693e322390 code [0x000002693e322520, 0x000002693e3225f8]
Event: 141.343 Thread 0x000002694c00e970  583       3       org.eclipse.jdt.launching.internal.org.objectweb.asm.ClassReader::readUnsignedShort (26 bytes)
Event: 141.344 Thread 0x000002694c00e970 nmethod 583 0x0000026936ea6110 code [0x0000026936ea62c0, 0x0000026936ea6438]
Event: 205.553 Thread 0x000002694c00e970  584       3       org.eclipse.jdt.launching.internal.org.objectweb.asm.ClassReader::readUtf (44 bytes)
Event: 205.553 Thread 0x000002694c00e970 nmethod 584 0x0000026936ea6510 code [0x0000026936ea66e0, 0x0000026936ea6af8]

GC Heap History (0 events):
No events

Deoptimization events (20 events):
Event: 0.836 Thread 0x00000269332cbc20 DEOPT PACKING pc=0x0000026936e819db sp=0x000000ab16ef7de0
Event: 0.836 Thread 0x00000269332cbc20 DEOPT UNPACKING pc=0x000002693686dece sp=0x000000ab16ef7248 mode 0
Event: 0.836 Thread 0x00000269332cbc20 DEOPT PACKING pc=0x0000026936e819db sp=0x000000ab16ef7de0
Event: 0.836 Thread 0x00000269332cbc20 DEOPT UNPACKING pc=0x000002693686dece sp=0x000000ab16ef7248 mode 0
Event: 0.836 Thread 0x00000269332cbc20 DEOPT PACKING pc=0x0000026936e819db sp=0x000000ab16ef7de0
Event: 0.836 Thread 0x00000269332cbc20 DEOPT UNPACKING pc=0x000002693686dece sp=0x000000ab16ef7248 mode 0
Event: 0.837 Thread 0x00000269332cbc20 DEOPT PACKING pc=0x0000026936e819db sp=0x000000ab16ef7de0
Event: 0.837 Thread 0x00000269332cbc20 DEOPT UNPACKING pc=0x000002693686dece sp=0x000000ab16ef7248 mode 0
Event: 0.838 Thread 0x00000269332cbc20 DEOPT PACKING pc=0x0000026936e819db sp=0x000000ab16ef7de0
Event: 0.838 Thread 0x00000269332cbc20 DEOPT UNPACKING pc=0x000002693686dece sp=0x000000ab16ef7248 mode 0
Event: 0.839 Thread 0x00000269332cbc20 DEOPT PACKING pc=0x0000026936e819db sp=0x000000ab16ef7de0
Event: 0.839 Thread 0x00000269332cbc20 DEOPT UNPACKING pc=0x000002693686dece sp=0x000000ab16ef7248 mode 0
Event: 0.845 Thread 0x00000269332cbc20 DEOPT PACKING pc=0x0000026936e819db sp=0x000000ab16efb810
Event: 0.845 Thread 0x00000269332cbc20 DEOPT UNPACKING pc=0x000002693686dece sp=0x000000ab16efac78 mode 0
Event: 0.845 Thread 0x00000269332cbc20 DEOPT PACKING pc=0x0000026936e819db sp=0x000000ab16efb810
Event: 0.845 Thread 0x00000269332cbc20 DEOPT UNPACKING pc=0x000002693686dece sp=0x000000ab16efac78 mode 0
Event: 0.845 Thread 0x00000269332cbc20 DEOPT PACKING pc=0x0000026936e819db sp=0x000000ab16efb810
Event: 0.845 Thread 0x00000269332cbc20 DEOPT UNPACKING pc=0x000002693686dece sp=0x000000ab16efac78 mode 0
Event: 0.848 Thread 0x00000269332cbc20 DEOPT PACKING pc=0x0000026936e819db sp=0x000000ab16ef7d60
Event: 0.848 Thread 0x00000269332cbc20 DEOPT UNPACKING pc=0x000002693686dece sp=0x000000ab16ef71c8 mode 0

Classes unloaded (0 events):
No events

Classes redefined (4 events):
Event: 48.253 Thread 0x000002694b571600 redefined class name=assignment.Palindrome, count=1
Event: 141.345 Thread 0x000002694b571600 redefined class name=assignment.Palindrome, count=2
Event: 185.918 Thread 0x000002694b571600 redefined class name=assignment.Palindrome, count=3
Event: 205.555 Thread 0x000002694b571600 redefined class name=assignment.Palindrome, count=4

Internal exceptions (1 events):
Event: 0.800 Thread 0x00000269332cbc20 Exception <a 'java/lang/NoSuchMethodError'{0x00000000a630e760}: 'java.lang.Object java.lang.invoke.DirectMethodHandle$Holder.invokeStatic(java.lang.Object)'> (0x00000000a630e760) 
thrown [t:\workspace\open\src\hotspot\share\interpreter\linkResolver.cpp, line 790]

Events (20 events):
Event: 185.920 Executing  VM operation: RedefineClasses done
Event: 185.924 Executing  VM operation: ChangeBreakpoints
Event: 185.924 Executing  VM operation: ChangeBreakpoints done
Event: 185.931 Executing  VM operation: ChangeBreakpoints
Event: 185.931 Executing  VM operation: ChangeBreakpoints done
Event: 185.931 Executing  VM operation: ChangeBreakpoints
Event: 185.931 Executing  VM operation: ChangeBreakpoints done
Event: 185.941 Executing  VM operation: ChangeBreakpoints
Event: 185.941 Executing  VM operation: ChangeBreakpoints done
Event: 205.554 Executing  VM operation: RedefineClasses
Event: 205.558 Executing  VM operation: RedefineClasses done
Event: 205.563 Executing  VM operation: ChangeBreakpoints
Event: 205.564 Executing  VM operation: ChangeBreakpoints done
Event: 205.572 Executing  VM operation: ChangeBreakpoints
Event: 205.572 Executing  VM operation: ChangeBreakpoints done
Event: 205.573 Executing  VM operation: ChangeBreakpoints
Event: 205.573 Executing  VM operation: ChangeBreakpoints done
Event: 205.582 Executing  VM operation: ChangeBreakpoints
Event: 205.583 Executing  VM operation: ChangeBreakpoints done
Event: 244.071 Executing  VM operation: get/set locals


Dynamic libraries:
0x00007ff60d6c0000 - 0x00007ff60d6ce000 	C:\TestLeaf\Eclipse\Eclipse\plugins\org.eclipse.justj.openjdk.hotspot.jre.full.win32.x86_64_16.0.1.v20210528-1205\jre\bin\javaw.exe
0x00007ffc44fd0000 - 0x00007ffc451e7000 	C:\WINDOWS\SYSTEM32\ntdll.dll
0x00007ffc43c00000 - 0x00007ffc43cc4000 	C:\WINDOWS\System32\KERNEL32.DLL
0x00007ffc42810000 - 0x00007ffc42bb6000 	C:\WINDOWS\System32\KERNELBASE.dll
0x00007ffc42560000 - 0x00007ffc42671000 	C:\WINDOWS\System32\ucrtbase.dll
0x00007ffc3d740000 - 0x00007ffc3d758000 	C:\TestLeaf\Eclipse\Eclipse\plugins\org.eclipse.justj.openjdk.hotspot.jre.full.win32.x86_64_16.0.1.v20210528-1205\jre\bin\jli.dll
0x00007ffc44de0000 - 0x00007ffc44f8d000 	C:\WINDOWS\System32\USER32.dll
0x00007ffc42350000 - 0x00007ffc42376000 	C:\WINDOWS\System32\win32u.dll
0x00007ffc43cd0000 - 0x00007ffc43cf9000 	C:\WINDOWS\System32\GDI32.dll
0x00007ffc426f0000 - 0x00007ffc42808000 	C:\WINDOWS\System32\gdi32full.dll
0x00007ffc424c0000 - 0x00007ffc4255a000 	C:\WINDOWS\System32\msvcp_win.dll
0x00007ffc2ef50000 - 0x00007ffc2ef69000 	C:\TestLeaf\Eclipse\Eclipse\plugins\org.eclipse.justj.openjdk.hotspot.jre.full.win32.x86_64_16.0.1.v20210528-1205\jre\bin\VCRUNTIME140.dll
0x00007ffc2c220000 - 0x00007ffc2c4b3000 	C:\WINDOWS\WinSxS\amd64_microsoft.windows.common-controls_6595b64144ccf1df_6.0.22621.2361_none_2712ced57382f843\COMCTL32.dll
0x00007ffc44690000 - 0x00007ffc44737000 	C:\WINDOWS\System32\msvcrt.dll
0x00007ffc44af0000 - 0x00007ffc44b21000 	C:\WINDOWS\System32\IMM32.DLL
0x00007ffc2b8e0000 - 0x00007ffc2b8ec000 	C:\TestLeaf\Eclipse\Eclipse\plugins\org.eclipse.justj.openjdk.hotspot.jre.full.win32.x86_64_16.0.1.v20210528-1205\jre\bin\vcruntime140_1.dll
0x00007ffc29990000 - 0x00007ffc29a21000 	C:\TestLeaf\Eclipse\Eclipse\plugins\org.eclipse.justj.openjdk.hotspot.jre.full.win32.x86_64_16.0.1.v20210528-1205\jre\bin\msvcp140.dll
0x00007ffb9f5a0000 - 0x00007ffba014b000 	C:\TestLeaf\Eclipse\Eclipse\plugins\org.eclipse.justj.openjdk.hotspot.jre.full.win32.x86_64_16.0.1.v20210528-1205\jre\bin\server\jvm.dll
0x00007ffc43810000 - 0x00007ffc438c0000 	C:\WINDOWS\System32\ADVAPI32.dll
0x00007ffc438c0000 - 0x00007ffc43966000 	C:\WINDOWS\System32\sechost.dll
0x00007ffc43970000 - 0x00007ffc43a87000 	C:\WINDOWS\System32\RPCRT4.dll
0x00007ffc444e0000 - 0x00007ffc444e8000 	C:\WINDOWS\System32\PSAPI.DLL
0x00007ffc172b0000 - 0x00007ffc172b9000 	C:\WINDOWS\SYSTEM32\WSOCK32.dll
0x00007ffc42e80000 - 0x00007ffc42ef1000 	C:\WINDOWS\System32\WS2_32.dll
0x00007ffc3b260000 - 0x00007ffc3b294000 	C:\WINDOWS\SYSTEM32\WINMM.dll
0x00007ffc3a690000 - 0x00007ffc3a69a000 	C:\WINDOWS\SYSTEM32\VERSION.dll
0x00007ffc41390000 - 0x00007ffc413a8000 	C:\WINDOWS\SYSTEM32\kernel.appcore.dll
0x00007ffc257a0000 - 0x00007ffc257aa000 	C:\TestLeaf\Eclipse\Eclipse\plugins\org.eclipse.justj.openjdk.hotspot.jre.full.win32.x86_64_16.0.1.v20210528-1205\jre\bin\jimage.dll
0x00007ffc2ffb0000 - 0x00007ffc301de000 	C:\WINDOWS\SYSTEM32\DBGHELP.DLL
0x00007ffc44760000 - 0x00007ffc44aea000 	C:\WINDOWS\System32\combase.dll
0x00007ffc43de0000 - 0x00007ffc43eb7000 	C:\WINDOWS\System32\OLEAUT32.dll
0x00007ffc24d50000 - 0x00007ffc24d82000 	C:\WINDOWS\SYSTEM32\dbgcore.DLL
0x00007ffc42380000 - 0x00007ffc423fa000 	C:\WINDOWS\System32\bcryptPrimitives.dll
0x00007ffc2e300000 - 0x00007ffc2e33b000 	C:\TestLeaf\Eclipse\Eclipse\plugins\org.eclipse.justj.openjdk.hotspot.jre.full.win32.x86_64_16.0.1.v20210528-1205\jre\bin\jdwp.dll
0x00007ffc3d730000 - 0x00007ffc3d73e000 	C:\TestLeaf\Eclipse\Eclipse\plugins\org.eclipse.justj.openjdk.hotspot.jre.full.win32.x86_64_16.0.1.v20210528-1205\jre\bin\instrument.dll
0x00007ffc25770000 - 0x00007ffc25795000 	C:\TestLeaf\Eclipse\Eclipse\plugins\org.eclipse.justj.openjdk.hotspot.jre.full.win32.x86_64_16.0.1.v20210528-1205\jre\bin\java.dll
0x00007ffc25750000 - 0x00007ffc25768000 	C:\TestLeaf\Eclipse\Eclipse\plugins\org.eclipse.justj.openjdk.hotspot.jre.full.win32.x86_64_16.0.1.v20210528-1205\jre\bin\zip.dll
0x00007ffc42fb0000 - 0x00007ffc43808000 	C:\WINDOWS\System32\SHELL32.dll
0x00007ffc402b0000 - 0x00007ffc40ba2000 	C:\WINDOWS\SYSTEM32\windows.storage.dll
0x00007ffc40170000 - 0x00007ffc402ae000 	C:\WINDOWS\SYSTEM32\wintypes.dll
0x00007ffc43a90000 - 0x00007ffc43b83000 	C:\WINDOWS\System32\SHCORE.dll
0x00007ffc43b90000 - 0x00007ffc43bee000 	C:\WINDOWS\System32\shlwapi.dll
0x00007ffc42280000 - 0x00007ffc422a6000 	C:\WINDOWS\SYSTEM32\profapi.dll
0x00007ffc3d720000 - 0x00007ffc3d72c000 	C:\TestLeaf\Eclipse\Eclipse\plugins\org.eclipse.justj.openjdk.hotspot.jre.full.win32.x86_64_16.0.1.v20210528-1205\jre\bin\dt_socket.dll
0x00007ffc40e50000 - 0x00007ffc40e7d000 	C:\WINDOWS\SYSTEM32\IPHLPAPI.DLL
0x00007ffc41810000 - 0x00007ffc41879000 	C:\WINDOWS\system32\mswsock.dll
0x00007ffc40ed0000 - 0x00007ffc40fc9000 	C:\WINDOWS\SYSTEM32\DNSAPI.dll
0x00007ffc43bf0000 - 0x00007ffc43bf9000 	C:\WINDOWS\System32\NSI.dll
0x00007ffc282f0000 - 0x00007ffc282fa000 	C:\Windows\System32\rasadhlp.dll
0x00007ffc36d70000 - 0x00007ffc36df4000 	C:\WINDOWS\System32\fwpuclnt.dll
0x00007ffc25730000 - 0x00007ffc25749000 	C:\TestLeaf\Eclipse\Eclipse\plugins\org.eclipse.justj.openjdk.hotspot.jre.full.win32.x86_64_16.0.1.v20210528-1205\jre\bin\net.dll
0x00007ffc39ff0000 - 0x00007ffc3a127000 	C:\WINDOWS\SYSTEM32\WINHTTP.dll
0x00007ffc25710000 - 0x00007ffc25723000 	C:\TestLeaf\Eclipse\Eclipse\plugins\org.eclipse.justj.openjdk.hotspot.jre.full.win32.x86_64_16.0.1.v20210528-1205\jre\bin\nio.dll
0x00007ffc25700000 - 0x00007ffc25710000 	C:\TestLeaf\Eclipse\Eclipse\plugins\org.eclipse.justj.openjdk.hotspot.jre.full.win32.x86_64_16.0.1.v20210528-1205\jre\bin\verify.dll

dbghelp: loaded successfully - version: 4.0.5 - missing functions: none
symbol engine: initialized successfully - sym options: 0x614 - pdb path: .;C:\TestLeaf\Eclipse\Eclipse\plugins\org.eclipse.justj.openjdk.hotspot.jre.full.win32.x86_64_16.0.1.v20210528-1205\jre\bin;C:\WINDOWS\SYSTEM32;C:\WINDOWS\WinSxS\amd64_microsoft.windows.common-controls_6595b64144ccf1df_6.0.22621.2361_none_2712ced57382f843;C:\TestLeaf\Eclipse\Eclipse\plugins\org.eclipse.justj.openjdk.hotspot.jre.full.win32.x86_64_16.0.1.v20210528-1205\jre\bin\server

VM Arguments:
jvm_args: -XX:+ShowCodeDetailsInExceptionMessages -agentlib:jdwp=transport=dt_socket,suspend=y,address=localhost:63627 -javaagent:C:\TestLeaf\Eclipse\Eclipse\configuration\org.eclipse.osgi\222\0\.cp\lib\javaagent-shaded.jar -Dfile.encoding=Cp1252 
java_command: assignment.Palindrome
java_class_path (initial): C:\TestLeaf\Eclipse Workspace\Selenium\target\classes;C:\Users\DHARANI\.m2\repository\org\seleniumhq\selenium\selenium-java\4.13.0\selenium-java-4.13.0.jar;C:\Users\DHARANI\.m2\repository\org\seleniumhq\selenium\selenium-api\4.13.0\selenium-api-4.13.0.jar;C:\Users\DHARANI\.m2\repository\org\seleniumhq\selenium\selenium-chrome-driver\4.13.0\selenium-chrome-driver-4.13.0.jar;C:\Users\DHARANI\.m2\repository\com\google\auto\service\auto-service-annotations\1.1.1\auto-service-annotations-1.1.1.jar;C:\Users\DHARANI\.m2\repository\com\google\guava\guava\32.1.2-jre\guava-32.1.2-jre.jar;C:\Users\DHARANI\.m2\repository\com\google\guava\failureaccess\1.0.1\failureaccess-1.0.1.jar;C:\Users\DHARANI\.m2\repository\com\google\guava\listenablefuture\9999.0-empty-to-avoid-conflict-with-guava\listenablefuture-9999.0-empty-to-avoid-conflict-with-guava.jar;C:\Users\DHARANI\.m2\repository\com\google\code\findbugs\jsr305\3.0.2\jsr305-3.0.2.jar;C:\Users\DHARANI\.m2\repository\org\checkerframework\checker-qual\3.33.0\checker-qual-3.33.0.jar;C:\Users\DHARANI\.m2\repository\com\google\errorprone\error_prone_annotations\2.18.0\error_prone_annotations-2.18.0.jar;C:\Users\DHARANI\.m2\repository\com\google\j2objc\j2objc-annotations\2.8\j2objc-annotations-2.8.jar;C:\Users\DHARANI\.m2\repository\org\seleniumhq\selenium\selenium-chromium-driver\4.13.0\selenium-chromium-driver-4.13.0.jar;C:\Users\DHARANI\.m2\repository\org\seleniumhq\selenium\selenium-json\4.13.0\selenium-json-4.13.0.jar;C:\Users\DHARANI\.m2\repository\org\seleniumhq\selenium\selenium-manager\4.13.0\selenium-manager-4.13.0.jar;C:\Users\DHARANI\.m2\repository\org\seleniumhq\selenium\selenium-devtools-v115\4.13.0\selenium-devtools-v115-4.13.0.jar;C:\Users\DHARANI\.m2\repository\org\seleniumhq\selenium\selenium-devtools-v116\4.13.0\selenium-devtools-v116-4.13.0.jar;C:\Users\DHARANI\.m2\repository\org\seleniumhq\selenium\selenium-devtools-v117\4.13.0\selenium-devtools-v117-4.13.0.jar;C:\Users\DHARANI\.m2\rep
Launcher Type: SUN_STANDARD

[Global flags]
     intx CICompilerCount                          = 3                                         {product} {ergonomic}
     uint ConcGCThreads                            = 1                                         {product} {ergonomic}
     uint G1ConcRefinementThreads                  = 4                                         {product} {ergonomic}
   size_t G1HeapRegionSize                         = 1048576                                   {product} {ergonomic}
    uintx GCDrainStackTargetSize                   = 64                                        {product} {ergonomic}
   size_t InitialHeapSize                          = 100663296                                 {product} {ergonomic}
   size_t MarkStackSize                            = 4194304                                   {product} {ergonomic}
   size_t MaxHeapSize                              = 1595932672                                {product} {ergonomic}
   size_t MaxNewSize                               = 957349888                                 {product} {ergonomic}
   size_t MinHeapDeltaBytes                        = 1048576                                   {product} {ergonomic}
   size_t MinHeapSize                              = 8388608                                   {product} {ergonomic}
    uintx NonNMethodCodeHeapSize                   = 5832780                                {pd product} {ergonomic}
    uintx NonProfiledCodeHeapSize                  = 122912730                              {pd product} {ergonomic}
    uintx ProfiledCodeHeapSize                     = 122912730                              {pd product} {ergonomic}
    uintx ReservedCodeCacheSize                    = 251658240                              {pd product} {ergonomic}
     bool SegmentedCodeCache                       = true                                      {product} {ergonomic}
     bool ShowCodeDetailsInExceptionMessages       = true                                   {manageable} {command line}
   size_t SoftMaxHeapSize                          = 1595932672                             {manageable} {ergonomic}
     bool UseCompressedClassPointers               = true                           {product lp64_product} {ergonomic}
     bool UseCompressedOops                        = true                           {product lp64_product} {ergonomic}
     bool UseG1GC                                  = true                                      {product} {ergonomic}
     bool UseLargePagesIndividualAllocation        = false                                  {pd product} {ergonomic}

Logging:
Log output configuration:
 #0: stdout all=warning uptime,level,tags
 #1: stderr all=off uptime,level,tags

Environment Variables:
JAVA_HOME=C:\Program Files\Java\jdk-21
PATH=C:\TestLeaf\Eclipse\Eclipse\plugins\org.eclipse.justj.openjdk.hotspot.jre.full.win32.x86_64_16.0.1.v20210528-1205\jre\bin;C:/TestLeaf/Eclipse/Eclipse//plugins/org.eclipse.justj.openjdk.hotspot.jre.full.win32.x86_64_16.0.1.v20210528-1205/jre/bin/server;C:/TestLeaf/Eclipse/Eclipse//plugins/org.eclipse.justj.openjdk.hotspot.jre.full.win32.x86_64_16.0.1.v20210528-1205/jre/bin;C:\Program Files (x86)\Common Files\Oracle\Java\javapath;C:\Program Files\Common Files\Oracle\Java\javapath;C:\WINDOWS\system32;C:\WINDOWS;C:\WINDOWS\System32\Wbem;C:\WINDOWS\System32\WindowsPowerShell\v1.0\;C:\WINDOWS\System32\OpenSSH\;C:\Program Files\Java\jdk-21\bin;C:\maven\apache-maven-3.9.5-bin\apache-maven-3.9.5\bin;C:\Users\DHARANI\AppData\Local\Microsoft\WindowsApps;;C:\TestLeaf\Eclipse\Eclipse;
USERNAME=DHARANI
OS=Windows_NT
PROCESSOR_IDENTIFIER=AMD64 Family 23 Model 24 Stepping 1, AuthenticAMD



---------------  S Y S T E M  ---------------

OS:
 Windows 10 , 64 bit Build 22621 (10.0.22621.2428)
OS uptime: 3 days 19:56 hours

CPU: total 4 (initial active 4) (4 cores per cpu, 2 threads per core) family 23 model 24 stepping 1 microcode 0x0, cx8, cmov, fxsr, ht, mmx, 3dnowpref, sse, sse2, sse3, ssse3, sse4a, sse4.1, sse4.2, popcnt, lzcnt, tsc, tscinvbit, avx, avx2, aes, clmul, bmi1, bmi2, adx, sha, fma, vzeroupper, clflush, clflushopt

Memory: 4k page, system-wide physical 6086M (897M free)
TotalPageFile size 10694M (AvailPageFile size 2226M)
current process WorkingSet (physical memory assigned to process): 54M, peak: 56M
current process commit charge ("private bytes"): 172M, peak: 175M

vm_info: OpenJDK 64-Bit Server VM (16.0.1+9-24) for windows-amd64 JRE (16.0.1+9-24), built on Mar 26 2021 19:30:07 by "mach5one" with MS VC++ 16.7 (VS2019)

END.
